{"timestamp":"2026-03-03T14:14:56.432914Z","level":"info","event":"Filling up the DagBag from /opt/airflow/dags/3_operator.py","logger":"airflow.models.dagbag.BundleDagBag","filename":"dagbag.py","lineno":593}
{"timestamp":"2026-03-03T14:14:56.472315Z","level":"warning","event":"The `airflow.operators.bash.BashOperator` attribute is deprecated. Please use `'airflow.providers.standard.operators.bash.BashOperator'`.","category":"DeprecatedImportWarning","filename":"/opt/airflow/dags/3_operator.py","lineno":2,"logger":"py.warnings"}
{"timestamp":"2026-03-03T14:15:27.059297Z","level":"info","event":"Filling up the DagBag from /opt/airflow/dags/3_operator.py","logger":"airflow.models.dagbag.BundleDagBag","filename":"dagbag.py","lineno":593}
{"timestamp":"2026-03-03T14:15:27.385093Z","level":"warning","event":"The `airflow.operators.bash.BashOperator` attribute is deprecated. Please use `'airflow.providers.standard.operators.bash.BashOperator'`.","category":"DeprecatedImportWarning","filename":"/opt/airflow/dags/3_operator.py","lineno":2,"logger":"py.warnings"}
{"timestamp":"2026-03-03T14:15:58.015682Z","level":"info","event":"Filling up the DagBag from /opt/airflow/dags/3_operator.py","logger":"airflow.models.dagbag.BundleDagBag","filename":"dagbag.py","lineno":593}
{"timestamp":"2026-03-03T14:15:58.040764Z","level":"warning","event":"The `airflow.operators.bash.BashOperator` attribute is deprecated. Please use `'airflow.providers.standard.operators.bash.BashOperator'`.","category":"DeprecatedImportWarning","filename":"/opt/airflow/dags/3_operator.py","lineno":2,"logger":"py.warnings"}
{"timestamp":"2026-03-03T14:16:28.739259Z","level":"info","event":"Filling up the DagBag from /opt/airflow/dags/3_operator.py","logger":"airflow.models.dagbag.BundleDagBag","filename":"dagbag.py","lineno":593}
{"timestamp":"2026-03-03T14:16:28.766008Z","level":"warning","event":"The `airflow.operators.bash.BashOperator` attribute is deprecated. Please use `'airflow.providers.standard.operators.bash.BashOperator'`.","category":"DeprecatedImportWarning","filename":"/opt/airflow/dags/3_operator.py","lineno":2,"logger":"py.warnings"}
{"timestamp":"2026-03-03T14:16:59.407934Z","level":"info","event":"Filling up the DagBag from /opt/airflow/dags/3_operator.py","logger":"airflow.models.dagbag.BundleDagBag","filename":"dagbag.py","lineno":593}
{"timestamp":"2026-03-03T14:16:59.432567Z","level":"warning","event":"The `airflow.operators.bash.BashOperator` attribute is deprecated. Please use `'airflow.providers.standard.operators.bash.BashOperator'`.","category":"DeprecatedImportWarning","filename":"/opt/airflow/dags/3_operator.py","lineno":2,"logger":"py.warnings"}
{"timestamp":"2026-03-03T14:17:30.001028Z","level":"info","event":"Filling up the DagBag from /opt/airflow/dags/3_operator.py","logger":"airflow.models.dagbag.BundleDagBag","filename":"dagbag.py","lineno":593}
{"timestamp":"2026-03-03T14:17:30.025515Z","level":"warning","event":"The `airflow.operators.bash.BashOperator` attribute is deprecated. Please use `'airflow.providers.standard.operators.bash.BashOperator'`.","category":"DeprecatedImportWarning","filename":"/opt/airflow/dags/3_operator.py","lineno":2,"logger":"py.warnings"}
{"timestamp":"2026-03-03T14:18:00.569838Z","level":"info","event":"Filling up the DagBag from /opt/airflow/dags/3_operator.py","logger":"airflow.models.dagbag.BundleDagBag","filename":"dagbag.py","lineno":593}
{"timestamp":"2026-03-03T14:18:00.601221Z","level":"warning","event":"The `airflow.operators.bash.BashOperator` attribute is deprecated. Please use `'airflow.providers.standard.operators.bash.BashOperator'`.","category":"DeprecatedImportWarning","filename":"/opt/airflow/dags/3_operator.py","lineno":2,"logger":"py.warnings"}
{"timestamp":"2026-03-03T14:18:31.191200Z","level":"info","event":"Filling up the DagBag from /opt/airflow/dags/3_operator.py","logger":"airflow.models.dagbag.BundleDagBag","filename":"dagbag.py","lineno":593}
{"timestamp":"2026-03-03T14:18:31.231690Z","level":"warning","event":"The `airflow.operators.bash.BashOperator` attribute is deprecated. Please use `'airflow.providers.standard.operators.bash.BashOperator'`.","category":"DeprecatedImportWarning","filename":"/opt/airflow/dags/3_operator.py","lineno":2,"logger":"py.warnings"}
{"timestamp":"2026-03-03T14:19:01.872314Z","level":"info","event":"Filling up the DagBag from /opt/airflow/dags/3_operator.py","logger":"airflow.models.dagbag.BundleDagBag","filename":"dagbag.py","lineno":593}
{"timestamp":"2026-03-03T14:19:01.904229Z","level":"warning","event":"The `airflow.operators.bash.BashOperator` attribute is deprecated. Please use `'airflow.providers.standard.operators.bash.BashOperator'`.","category":"DeprecatedImportWarning","filename":"/opt/airflow/dags/3_operator.py","lineno":2,"logger":"py.warnings"}
{"timestamp":"2026-03-03T14:19:15.298932Z","level":"info","event":"Filling up the DagBag from /opt/airflow/dags/3_operator.py","logger":"airflow.models.dagbag.BundleDagBag","filename":"dagbag.py","lineno":593}
{"timestamp":"2026-03-03T14:19:15.343372Z","level":"warning","event":"The `airflow.operators.bash.BashOperator` attribute is deprecated. Please use `'airflow.providers.standard.operators.bash.BashOperator'`.","category":"DeprecatedImportWarning","filename":"/opt/airflow/dags/3_operator.py","lineno":2,"logger":"py.warnings"}
{"timestamp":"2026-03-03T14:19:45.985230Z","level":"info","event":"Filling up the DagBag from /opt/airflow/dags/3_operator.py","logger":"airflow.models.dagbag.BundleDagBag","filename":"dagbag.py","lineno":593}
{"timestamp":"2026-03-03T14:19:46.038133Z","level":"warning","event":"The `airflow.operators.bash.BashOperator` attribute is deprecated. Please use `'airflow.providers.standard.operators.bash.BashOperator'`.","category":"DeprecatedImportWarning","filename":"/opt/airflow/dags/3_operator.py","lineno":2,"logger":"py.warnings"}
{"timestamp":"2026-03-03T14:20:16.635485Z","level":"info","event":"Filling up the DagBag from /opt/airflow/dags/3_operator.py","logger":"airflow.models.dagbag.BundleDagBag","filename":"dagbag.py","lineno":593}
{"timestamp":"2026-03-03T14:20:16.665358Z","level":"warning","event":"The `airflow.operators.bash.BashOperator` attribute is deprecated. Please use `'airflow.providers.standard.operators.bash.BashOperator'`.","category":"DeprecatedImportWarning","filename":"/opt/airflow/dags/3_operator.py","lineno":2,"logger":"py.warnings"}
{"timestamp":"2026-03-03T14:20:47.397542Z","level":"info","event":"Filling up the DagBag from /opt/airflow/dags/3_operator.py","logger":"airflow.models.dagbag.BundleDagBag","filename":"dagbag.py","lineno":593}
{"timestamp":"2026-03-03T14:20:47.428765Z","level":"warning","event":"The `airflow.operators.bash.BashOperator` attribute is deprecated. Please use `'airflow.providers.standard.operators.bash.BashOperator'`.","category":"DeprecatedImportWarning","filename":"/opt/airflow/dags/3_operator.py","lineno":2,"logger":"py.warnings"}
{"timestamp":"2026-03-03T14:21:18.156295Z","level":"info","event":"Filling up the DagBag from /opt/airflow/dags/3_operator.py","logger":"airflow.models.dagbag.BundleDagBag","filename":"dagbag.py","lineno":593}
{"timestamp":"2026-03-03T14:21:18.197514Z","level":"warning","event":"The `airflow.operators.bash.BashOperator` attribute is deprecated. Please use `'airflow.providers.standard.operators.bash.BashOperator'`.","category":"DeprecatedImportWarning","filename":"/opt/airflow/dags/3_operator.py","lineno":2,"logger":"py.warnings"}
{"timestamp":"2026-03-03T14:21:48.826443Z","level":"info","event":"Filling up the DagBag from /opt/airflow/dags/3_operator.py","logger":"airflow.models.dagbag.BundleDagBag","filename":"dagbag.py","lineno":593}
{"timestamp":"2026-03-03T14:21:48.851252Z","level":"warning","event":"The `airflow.operators.bash.BashOperator` attribute is deprecated. Please use `'airflow.providers.standard.operators.bash.BashOperator'`.","category":"DeprecatedImportWarning","filename":"/opt/airflow/dags/3_operator.py","lineno":2,"logger":"py.warnings"}
{"timestamp":"2026-03-03T14:22:18.463073Z","level":"info","event":"Filling up the DagBag from /opt/airflow/dags/3_operator.py","logger":"airflow.models.dagbag.BundleDagBag","filename":"dagbag.py","lineno":593}
{"timestamp":"2026-03-03T14:22:18.504562Z","level":"warning","event":"The `airflow.operators.bash.BashOperator` attribute is deprecated. Please use `'airflow.providers.standard.operators.bash.BashOperator'`.","category":"DeprecatedImportWarning","filename":"/opt/airflow/dags/3_operator.py","lineno":2,"logger":"py.warnings"}
{"timestamp":"2026-03-03T14:22:19.620833Z","level":"info","event":"Filling up the DagBag from /opt/airflow/dags/3_operator.py","logger":"airflow.models.dagbag.BundleDagBag","filename":"dagbag.py","lineno":593}
{"timestamp":"2026-03-03T14:22:19.671403Z","level":"warning","event":"The `airflow.operators.bash.BashOperator` attribute is deprecated. Please use `'airflow.providers.standard.operators.bash.BashOperator'`.","category":"DeprecatedImportWarning","filename":"/opt/airflow/dags/3_operator.py","lineno":2,"logger":"py.warnings"}
{"timestamp":"2026-03-03T14:22:50.248852Z","level":"info","event":"Filling up the DagBag from /opt/airflow/dags/3_operator.py","logger":"airflow.models.dagbag.BundleDagBag","filename":"dagbag.py","lineno":593}
{"timestamp":"2026-03-03T14:22:50.273369Z","level":"warning","event":"The `airflow.operators.bash.BashOperator` attribute is deprecated. Please use `'airflow.providers.standard.operators.bash.BashOperator'`.","category":"DeprecatedImportWarning","filename":"/opt/airflow/dags/3_operator.py","lineno":2,"logger":"py.warnings"}
{"timestamp":"2026-03-03T14:23:20.931462Z","level":"info","event":"Filling up the DagBag from /opt/airflow/dags/3_operator.py","logger":"airflow.models.dagbag.BundleDagBag","filename":"dagbag.py","lineno":593}
{"timestamp":"2026-03-03T14:23:20.958494Z","level":"warning","event":"The `airflow.operators.bash.BashOperator` attribute is deprecated. Please use `'airflow.providers.standard.operators.bash.BashOperator'`.","category":"DeprecatedImportWarning","filename":"/opt/airflow/dags/3_operator.py","lineno":2,"logger":"py.warnings"}
{"timestamp":"2026-03-03T14:23:42.405030Z","level":"info","event":"Filling up the DagBag from /opt/airflow/dags/3_operator.py","logger":"airflow.models.dagbag.BundleDagBag","filename":"dagbag.py","lineno":593}
{"timestamp":"2026-03-03T14:23:42.445523Z","level":"warning","event":"The `airflow.operators.bash.BashOperator` attribute is deprecated. Please use `'airflow.providers.standard.operators.bash.BashOperator'`.","category":"DeprecatedImportWarning","filename":"/opt/airflow/dags/3_operator.py","lineno":2,"logger":"py.warnings"}
{"timestamp":"2026-03-03T14:23:43.538141Z","level":"info","event":"Filling up the DagBag from /opt/airflow/dags/3_operator.py","logger":"airflow.models.dagbag.BundleDagBag","filename":"dagbag.py","lineno":593}
{"timestamp":"2026-03-03T14:23:43.577395Z","level":"warning","event":"The `airflow.operators.bash.BashOperator` attribute is deprecated. Please use `'airflow.providers.standard.operators.bash.BashOperator'`.","category":"DeprecatedImportWarning","filename":"/opt/airflow/dags/3_operator.py","lineno":2,"logger":"py.warnings"}
{"timestamp":"2026-03-03T14:24:14.472872Z","level":"info","event":"Filling up the DagBag from /opt/airflow/dags/3_operator.py","logger":"airflow.models.dagbag.BundleDagBag","filename":"dagbag.py","lineno":593}
{"timestamp":"2026-03-03T14:24:14.506184Z","level":"warning","event":"The `airflow.operators.bash.BashOperator` attribute is deprecated. Please use `'airflow.providers.standard.operators.bash.BashOperator'`.","category":"DeprecatedImportWarning","filename":"/opt/airflow/dags/3_operator.py","lineno":2,"logger":"py.warnings"}
{"timestamp":"2026-03-03T14:24:45.108198Z","level":"info","event":"Filling up the DagBag from /opt/airflow/dags/3_operator.py","logger":"airflow.models.dagbag.BundleDagBag","filename":"dagbag.py","lineno":593}
{"timestamp":"2026-03-03T14:24:45.132209Z","level":"warning","event":"The `airflow.operators.bash.BashOperator` attribute is deprecated. Please use `'airflow.providers.standard.operators.bash.BashOperator'`.","category":"DeprecatedImportWarning","filename":"/opt/airflow/dags/3_operator.py","lineno":2,"logger":"py.warnings"}
{"timestamp":"2026-03-03T14:25:15.719083Z","level":"info","event":"Filling up the DagBag from /opt/airflow/dags/3_operator.py","logger":"airflow.models.dagbag.BundleDagBag","filename":"dagbag.py","lineno":593}
{"timestamp":"2026-03-03T14:25:15.746236Z","level":"warning","event":"The `airflow.operators.bash.BashOperator` attribute is deprecated. Please use `'airflow.providers.standard.operators.bash.BashOperator'`.","category":"DeprecatedImportWarning","filename":"/opt/airflow/dags/3_operator.py","lineno":2,"logger":"py.warnings"}
{"timestamp":"2026-03-03T14:25:46.347699Z","level":"info","event":"Filling up the DagBag from /opt/airflow/dags/3_operator.py","logger":"airflow.models.dagbag.BundleDagBag","filename":"dagbag.py","lineno":593}
{"timestamp":"2026-03-03T14:25:46.375221Z","level":"warning","event":"The `airflow.operators.bash.BashOperator` attribute is deprecated. Please use `'airflow.providers.standard.operators.bash.BashOperator'`.","category":"DeprecatedImportWarning","filename":"/opt/airflow/dags/3_operator.py","lineno":2,"logger":"py.warnings"}
{"timestamp":"2026-03-03T14:26:17.013410Z","level":"info","event":"Filling up the DagBag from /opt/airflow/dags/3_operator.py","logger":"airflow.models.dagbag.BundleDagBag","filename":"dagbag.py","lineno":593}
{"timestamp":"2026-03-03T14:26:17.044952Z","level":"warning","event":"The `airflow.operators.bash.BashOperator` attribute is deprecated. Please use `'airflow.providers.standard.operators.bash.BashOperator'`.","category":"DeprecatedImportWarning","filename":"/opt/airflow/dags/3_operator.py","lineno":2,"logger":"py.warnings"}
{"timestamp":"2026-03-03T14:26:47.656740Z","level":"info","event":"Filling up the DagBag from /opt/airflow/dags/3_operator.py","logger":"airflow.models.dagbag.BundleDagBag","filename":"dagbag.py","lineno":593}
{"timestamp":"2026-03-03T14:26:47.685099Z","level":"warning","event":"The `airflow.operators.bash.BashOperator` attribute is deprecated. Please use `'airflow.providers.standard.operators.bash.BashOperator'`.","category":"DeprecatedImportWarning","filename":"/opt/airflow/dags/3_operator.py","lineno":2,"logger":"py.warnings"}
{"timestamp":"2026-03-03T14:27:03.968492Z","level":"warning","event":"Error when trying to pre-import module 'airflow.operators.bash.BashOperator' found in /opt/airflow/dags/3_operator.py: No module named 'airflow.operators.bash.BashOperator'; 'airflow.operators.bash' is not a package","logger":"processor"}
{"timestamp":"2026-03-03T14:27:03.992528Z","level":"info","event":"Filling up the DagBag from /opt/airflow/dags/3_operator.py","logger":"airflow.models.dagbag.BundleDagBag","filename":"dagbag.py","lineno":593}
{"timestamp":"2026-03-03T14:27:04.036114Z","level":"error","event":"Failed to import: /opt/airflow/dags/3_operator.py","logger":"airflow.models.dagbag.BundleDagBag","filename":"dagbag.py","lineno":415,"error_detail":[{"exc_type":"ModuleNotFoundError","exc_value":"No module named 'airflow.operators.bash.BashOperator'; 'airflow.operators.bash' is not a package","exc_notes":[],"syntax_error":null,"is_cause":false,"frames":[{"filename":"/home/airflow/.local/lib/python3.12/site-packages/airflow/models/dagbag.py","lineno":405,"name":"parse"},{"filename":"<frozen importlib._bootstrap_external>","lineno":999,"name":"exec_module"},{"filename":"<frozen importlib._bootstrap>","lineno":488,"name":"_call_with_frames_removed"},{"filename":"/opt/airflow/dags/3_operator.py","lineno":2,"name":"<module>"}],"is_group":false,"exceptions":[]}]}
{"timestamp":"2026-03-03T14:27:34.630947Z","level":"warning","event":"Error when trying to pre-import module 'airflow.operators.bash.BashOperator' found in /opt/airflow/dags/3_operator.py: No module named 'airflow.operators.bash.BashOperator'; 'airflow.operators.bash' is not a package","logger":"processor"}
{"timestamp":"2026-03-03T14:27:34.649568Z","level":"info","event":"Filling up the DagBag from /opt/airflow/dags/3_operator.py","logger":"airflow.models.dagbag.BundleDagBag","filename":"dagbag.py","lineno":593}
{"timestamp":"2026-03-03T14:27:34.672997Z","level":"error","event":"Failed to import: /opt/airflow/dags/3_operator.py","logger":"airflow.models.dagbag.BundleDagBag","filename":"dagbag.py","lineno":415,"error_detail":[{"exc_type":"ModuleNotFoundError","exc_value":"No module named 'airflow.operators.bash.BashOperator'; 'airflow.operators.bash' is not a package","exc_notes":[],"syntax_error":null,"is_cause":false,"frames":[{"filename":"/home/airflow/.local/lib/python3.12/site-packages/airflow/models/dagbag.py","lineno":405,"name":"parse"},{"filename":"<frozen importlib._bootstrap_external>","lineno":999,"name":"exec_module"},{"filename":"<frozen importlib._bootstrap>","lineno":488,"name":"_call_with_frames_removed"},{"filename":"/opt/airflow/dags/3_operator.py","lineno":2,"name":"<module>"}],"is_group":false,"exceptions":[]}]}
{"timestamp":"2026-03-03T14:28:05.267247Z","level":"warning","event":"Error when trying to pre-import module 'airflow.operators.bash.BashOperator' found in /opt/airflow/dags/3_operator.py: No module named 'airflow.operators.bash.BashOperator'; 'airflow.operators.bash' is not a package","logger":"processor"}
{"timestamp":"2026-03-03T14:28:05.285156Z","level":"info","event":"Filling up the DagBag from /opt/airflow/dags/3_operator.py","logger":"airflow.models.dagbag.BundleDagBag","filename":"dagbag.py","lineno":593}
{"timestamp":"2026-03-03T14:28:05.307816Z","level":"error","event":"Failed to import: /opt/airflow/dags/3_operator.py","logger":"airflow.models.dagbag.BundleDagBag","filename":"dagbag.py","lineno":415,"error_detail":[{"exc_type":"ModuleNotFoundError","exc_value":"No module named 'airflow.operators.bash.BashOperator'; 'airflow.operators.bash' is not a package","exc_notes":[],"syntax_error":null,"is_cause":false,"frames":[{"filename":"/home/airflow/.local/lib/python3.12/site-packages/airflow/models/dagbag.py","lineno":405,"name":"parse"},{"filename":"<frozen importlib._bootstrap_external>","lineno":999,"name":"exec_module"},{"filename":"<frozen importlib._bootstrap>","lineno":488,"name":"_call_with_frames_removed"},{"filename":"/opt/airflow/dags/3_operator.py","lineno":2,"name":"<module>"}],"is_group":false,"exceptions":[]}]}
{"timestamp":"2026-03-03T14:28:35.856589Z","level":"warning","event":"Error when trying to pre-import module 'airflow.operators.bash.BashOperator' found in /opt/airflow/dags/3_operator.py: No module named 'airflow.operators.bash.BashOperator'; 'airflow.operators.bash' is not a package","logger":"processor"}
{"timestamp":"2026-03-03T14:28:35.881513Z","level":"info","event":"Filling up the DagBag from /opt/airflow/dags/3_operator.py","logger":"airflow.models.dagbag.BundleDagBag","filename":"dagbag.py","lineno":593}
{"timestamp":"2026-03-03T14:28:35.904614Z","level":"error","event":"Failed to import: /opt/airflow/dags/3_operator.py","logger":"airflow.models.dagbag.BundleDagBag","filename":"dagbag.py","lineno":415,"error_detail":[{"exc_type":"ModuleNotFoundError","exc_value":"No module named 'airflow.operators.bash.BashOperator'; 'airflow.operators.bash' is not a package","exc_notes":[],"syntax_error":null,"is_cause":false,"frames":[{"filename":"/home/airflow/.local/lib/python3.12/site-packages/airflow/models/dagbag.py","lineno":405,"name":"parse"},{"filename":"<frozen importlib._bootstrap_external>","lineno":999,"name":"exec_module"},{"filename":"<frozen importlib._bootstrap>","lineno":488,"name":"_call_with_frames_removed"},{"filename":"/opt/airflow/dags/3_operator.py","lineno":2,"name":"<module>"}],"is_group":false,"exceptions":[]}]}
{"timestamp":"2026-03-03T14:28:58.360492Z","level":"info","event":"Filling up the DagBag from /opt/airflow/dags/3_operator.py","logger":"airflow.models.dagbag.BundleDagBag","filename":"dagbag.py","lineno":593}
{"timestamp":"2026-03-03T14:28:58.400573Z","level":"warning","event":"The `airflow.operators.bash.BashOperator` attribute is deprecated. Please use `'airflow.providers.standard.operators.bash.BashOperator'`.","category":"DeprecatedImportWarning","filename":"/opt/airflow/dags/3_operator.py","lineno":2,"logger":"py.warnings"}
{"timestamp":"2026-03-03T14:29:05.616146Z","level":"info","event":"Filling up the DagBag from /opt/airflow/dags/3_operator.py","logger":"airflow.models.dagbag.BundleDagBag","filename":"dagbag.py","lineno":593}
{"timestamp":"2026-03-03T14:29:05.664148Z","level":"warning","event":"The `airflow.operators.bash.BashOperator` attribute is deprecated. Please use `'airflow.providers.standard.operators.bash.BashOperator'`.","category":"DeprecatedImportWarning","filename":"/opt/airflow/dags/3_operator.py","lineno":2,"logger":"py.warnings"}
{"timestamp":"2026-03-03T14:29:36.271223Z","level":"info","event":"Filling up the DagBag from /opt/airflow/dags/3_operator.py","logger":"airflow.models.dagbag.BundleDagBag","filename":"dagbag.py","lineno":593}
{"timestamp":"2026-03-03T14:29:36.300027Z","level":"warning","event":"The `airflow.operators.bash.BashOperator` attribute is deprecated. Please use `'airflow.providers.standard.operators.bash.BashOperator'`.","category":"DeprecatedImportWarning","filename":"/opt/airflow/dags/3_operator.py","lineno":2,"logger":"py.warnings"}
{"timestamp":"2026-03-03T14:30:06.944757Z","level":"info","event":"Filling up the DagBag from /opt/airflow/dags/3_operator.py","logger":"airflow.models.dagbag.BundleDagBag","filename":"dagbag.py","lineno":593}
{"timestamp":"2026-03-03T14:30:06.980572Z","level":"warning","event":"The `airflow.operators.bash.BashOperator` attribute is deprecated. Please use `'airflow.providers.standard.operators.bash.BashOperator'`.","category":"DeprecatedImportWarning","filename":"/opt/airflow/dags/3_operator.py","lineno":2,"logger":"py.warnings"}
{"timestamp":"2026-03-03T14:30:37.567820Z","level":"info","event":"Filling up the DagBag from /opt/airflow/dags/3_operator.py","logger":"airflow.models.dagbag.BundleDagBag","filename":"dagbag.py","lineno":593}
{"timestamp":"2026-03-03T14:30:37.605334Z","level":"warning","event":"The `airflow.operators.bash.BashOperator` attribute is deprecated. Please use `'airflow.providers.standard.operators.bash.BashOperator'`.","category":"DeprecatedImportWarning","filename":"/opt/airflow/dags/3_operator.py","lineno":2,"logger":"py.warnings"}
{"timestamp":"2026-03-03T14:31:08.225473Z","level":"info","event":"Filling up the DagBag from /opt/airflow/dags/3_operator.py","logger":"airflow.models.dagbag.BundleDagBag","filename":"dagbag.py","lineno":593}
{"timestamp":"2026-03-03T14:31:08.261138Z","level":"warning","event":"The `airflow.operators.bash.BashOperator` attribute is deprecated. Please use `'airflow.providers.standard.operators.bash.BashOperator'`.","category":"DeprecatedImportWarning","filename":"/opt/airflow/dags/3_operator.py","lineno":2,"logger":"py.warnings"}
{"timestamp":"2026-03-03T14:31:38.890346Z","level":"info","event":"Filling up the DagBag from /opt/airflow/dags/3_operator.py","logger":"airflow.models.dagbag.BundleDagBag","filename":"dagbag.py","lineno":593}
{"timestamp":"2026-03-03T14:31:38.916492Z","level":"warning","event":"The `airflow.operators.bash.BashOperator` attribute is deprecated. Please use `'airflow.providers.standard.operators.bash.BashOperator'`.","category":"DeprecatedImportWarning","filename":"/opt/airflow/dags/3_operator.py","lineno":2,"logger":"py.warnings"}
{"timestamp":"2026-03-03T14:32:09.561797Z","level":"info","event":"Filling up the DagBag from /opt/airflow/dags/3_operator.py","logger":"airflow.models.dagbag.BundleDagBag","filename":"dagbag.py","lineno":593}
{"timestamp":"2026-03-03T14:32:09.594380Z","level":"warning","event":"The `airflow.operators.bash.BashOperator` attribute is deprecated. Please use `'airflow.providers.standard.operators.bash.BashOperator'`.","category":"DeprecatedImportWarning","filename":"/opt/airflow/dags/3_operator.py","lineno":2,"logger":"py.warnings"}
{"timestamp":"2026-03-03T14:32:40.164973Z","level":"info","event":"Filling up the DagBag from /opt/airflow/dags/3_operator.py","logger":"airflow.models.dagbag.BundleDagBag","filename":"dagbag.py","lineno":593}
{"timestamp":"2026-03-03T14:32:40.191489Z","level":"warning","event":"The `airflow.operators.bash.BashOperator` attribute is deprecated. Please use `'airflow.providers.standard.operators.bash.BashOperator'`.","category":"DeprecatedImportWarning","filename":"/opt/airflow/dags/3_operator.py","lineno":2,"logger":"py.warnings"}
{"timestamp":"2026-03-03T14:33:10.793856Z","level":"info","event":"Filling up the DagBag from /opt/airflow/dags/3_operator.py","logger":"airflow.models.dagbag.BundleDagBag","filename":"dagbag.py","lineno":593}
{"timestamp":"2026-03-03T14:33:10.825057Z","level":"warning","event":"The `airflow.operators.bash.BashOperator` attribute is deprecated. Please use `'airflow.providers.standard.operators.bash.BashOperator'`.","category":"DeprecatedImportWarning","filename":"/opt/airflow/dags/3_operator.py","lineno":2,"logger":"py.warnings"}
{"timestamp":"2026-03-03T14:33:30.308822Z","level":"info","event":"Filling up the DagBag from /opt/airflow/dags/3_operator.py","logger":"airflow.models.dagbag.BundleDagBag","filename":"dagbag.py","lineno":593}
{"timestamp":"2026-03-03T14:33:30.413179Z","level":"warning","event":"The `airflow.operators.bash.BashOperator` attribute is deprecated. Please use `'airflow.providers.standard.operators.bash.BashOperator'`.","category":"DeprecatedImportWarning","filename":"/opt/airflow/dags/3_operator.py","lineno":2,"logger":"py.warnings"}
{"timestamp":"2026-03-03T14:33:30.535988Z","level":"info","event":"Filling up the DagBag from /opt/airflow/dags/3_operator.py","logger":"airflow.models.dagbag.BundleDagBag","filename":"dagbag.py","lineno":593}
{"timestamp":"2026-03-03T14:33:30.559729Z","level":"warning","event":"The `airflow.operators.bash.BashOperator` attribute is deprecated. Please use `'airflow.providers.standard.operators.bash.BashOperator'`.","category":"DeprecatedImportWarning","filename":"/opt/airflow/dags/3_operator.py","lineno":2,"logger":"py.warnings"}
{"timestamp":"2026-03-03T14:33:42.794253Z","level":"info","event":"Filling up the DagBag from /opt/airflow/dags/3_operator.py","logger":"airflow.models.dagbag.BundleDagBag","filename":"dagbag.py","lineno":593}
{"timestamp":"2026-03-03T14:34:11.421561Z","level":"info","event":"Filling up the DagBag from /opt/airflow/dags/3_operator.py","logger":"airflow.models.dagbag.BundleDagBag","filename":"dagbag.py","lineno":593}
{"timestamp":"2026-03-03T14:34:12.667068Z","level":"info","event":"Filling up the DagBag from /opt/airflow/dags/3_operator.py","logger":"airflow.models.dagbag.BundleDagBag","filename":"dagbag.py","lineno":593}
{"timestamp":"2026-03-03T14:34:43.310007Z","level":"info","event":"Filling up the DagBag from /opt/airflow/dags/3_operator.py","logger":"airflow.models.dagbag.BundleDagBag","filename":"dagbag.py","lineno":593}
{"timestamp":"2026-03-03T14:35:13.969514Z","level":"info","event":"Filling up the DagBag from /opt/airflow/dags/3_operator.py","logger":"airflow.models.dagbag.BundleDagBag","filename":"dagbag.py","lineno":593}
{"timestamp":"2026-03-03T14:35:44.640215Z","level":"info","event":"Filling up the DagBag from /opt/airflow/dags/3_operator.py","logger":"airflow.models.dagbag.BundleDagBag","filename":"dagbag.py","lineno":593}
{"timestamp":"2026-03-03T14:36:15.303500Z","level":"info","event":"Filling up the DagBag from /opt/airflow/dags/3_operator.py","logger":"airflow.models.dagbag.BundleDagBag","filename":"dagbag.py","lineno":593}
{"timestamp":"2026-03-03T14:36:45.928001Z","level":"info","event":"Filling up the DagBag from /opt/airflow/dags/3_operator.py","logger":"airflow.models.dagbag.BundleDagBag","filename":"dagbag.py","lineno":593}
{"timestamp":"2026-03-03T14:37:16.578619Z","level":"info","event":"Filling up the DagBag from /opt/airflow/dags/3_operator.py","logger":"airflow.models.dagbag.BundleDagBag","filename":"dagbag.py","lineno":593}
{"timestamp":"2026-03-03T14:37:47.203395Z","level":"info","event":"Filling up the DagBag from /opt/airflow/dags/3_operator.py","logger":"airflow.models.dagbag.BundleDagBag","filename":"dagbag.py","lineno":593}
{"timestamp":"2026-03-03T14:38:17.813649Z","level":"info","event":"Filling up the DagBag from /opt/airflow/dags/3_operator.py","logger":"airflow.models.dagbag.BundleDagBag","filename":"dagbag.py","lineno":593}
{"timestamp":"2026-03-03T14:38:48.476326Z","level":"info","event":"Filling up the DagBag from /opt/airflow/dags/3_operator.py","logger":"airflow.models.dagbag.BundleDagBag","filename":"dagbag.py","lineno":593}
{"timestamp":"2026-03-03T14:39:19.120976Z","level":"info","event":"Filling up the DagBag from /opt/airflow/dags/3_operator.py","logger":"airflow.models.dagbag.BundleDagBag","filename":"dagbag.py","lineno":593}
{"timestamp":"2026-03-03T14:39:49.733486Z","level":"info","event":"Filling up the DagBag from /opt/airflow/dags/3_operator.py","logger":"airflow.models.dagbag.BundleDagBag","filename":"dagbag.py","lineno":593}
{"timestamp":"2026-03-03T14:40:20.404753Z","level":"info","event":"Filling up the DagBag from /opt/airflow/dags/3_operator.py","logger":"airflow.models.dagbag.BundleDagBag","filename":"dagbag.py","lineno":593}
{"timestamp":"2026-03-03T14:40:51.007518Z","level":"info","event":"Filling up the DagBag from /opt/airflow/dags/3_operator.py","logger":"airflow.models.dagbag.BundleDagBag","filename":"dagbag.py","lineno":593}
{"timestamp":"2026-03-03T14:41:21.640983Z","level":"info","event":"Filling up the DagBag from /opt/airflow/dags/3_operator.py","logger":"airflow.models.dagbag.BundleDagBag","filename":"dagbag.py","lineno":593}
{"timestamp":"2026-03-03T14:41:52.253979Z","level":"info","event":"Filling up the DagBag from /opt/airflow/dags/3_operator.py","logger":"airflow.models.dagbag.BundleDagBag","filename":"dagbag.py","lineno":593}
{"timestamp":"2026-03-03T14:42:22.970529Z","level":"info","event":"Filling up the DagBag from /opt/airflow/dags/3_operator.py","logger":"airflow.models.dagbag.BundleDagBag","filename":"dagbag.py","lineno":593}
{"timestamp":"2026-03-03T14:42:53.201534Z","level":"info","event":"Filling up the DagBag from /opt/airflow/dags/3_operator.py","logger":"airflow.models.dagbag.BundleDagBag","filename":"dagbag.py","lineno":593}
{"timestamp":"2026-03-03T14:43:24.246689Z","level":"info","event":"Filling up the DagBag from /opt/airflow/dags/3_operator.py","logger":"airflow.models.dagbag.BundleDagBag","filename":"dagbag.py","lineno":593}
{"timestamp":"2026-03-03T14:43:55.156823Z","level":"info","event":"Filling up the DagBag from /opt/airflow/dags/3_operator.py","logger":"airflow.models.dagbag.BundleDagBag","filename":"dagbag.py","lineno":593}
{"timestamp":"2026-03-03T14:44:26.040812Z","level":"info","event":"Filling up the DagBag from /opt/airflow/dags/3_operator.py","logger":"airflow.models.dagbag.BundleDagBag","filename":"dagbag.py","lineno":593}
{"timestamp":"2026-03-03T14:44:56.917461Z","level":"info","event":"Filling up the DagBag from /opt/airflow/dags/3_operator.py","logger":"airflow.models.dagbag.BundleDagBag","filename":"dagbag.py","lineno":593}
{"timestamp":"2026-03-03T14:45:27.913666Z","level":"info","event":"Filling up the DagBag from /opt/airflow/dags/3_operator.py","logger":"airflow.models.dagbag.BundleDagBag","filename":"dagbag.py","lineno":593}
{"timestamp":"2026-03-03T14:45:58.905780Z","level":"info","event":"Filling up the DagBag from /opt/airflow/dags/3_operator.py","logger":"airflow.models.dagbag.BundleDagBag","filename":"dagbag.py","lineno":593}
{"timestamp":"2026-03-03T14:46:30.237020Z","level":"info","event":"Filling up the DagBag from /opt/airflow/dags/3_operator.py","logger":"airflow.models.dagbag.BundleDagBag","filename":"dagbag.py","lineno":593}
{"timestamp":"2026-03-03T14:47:00.437978Z","level":"info","event":"Filling up the DagBag from /opt/airflow/dags/3_operator.py","logger":"airflow.models.dagbag.BundleDagBag","filename":"dagbag.py","lineno":593}
{"timestamp":"2026-03-03T14:47:30.885527Z","level":"info","event":"Filling up the DagBag from /opt/airflow/dags/3_operator.py","logger":"airflow.models.dagbag.BundleDagBag","filename":"dagbag.py","lineno":593}
{"timestamp":"2026-03-03T14:48:01.906651Z","level":"info","event":"Filling up the DagBag from /opt/airflow/dags/3_operator.py","logger":"airflow.models.dagbag.BundleDagBag","filename":"dagbag.py","lineno":593}
{"timestamp":"2026-03-03T14:48:32.173760Z","level":"info","event":"Filling up the DagBag from /opt/airflow/dags/3_operator.py","logger":"airflow.models.dagbag.BundleDagBag","filename":"dagbag.py","lineno":593}
{"timestamp":"2026-03-03T14:49:03.303860Z","level":"info","event":"Filling up the DagBag from /opt/airflow/dags/3_operator.py","logger":"airflow.models.dagbag.BundleDagBag","filename":"dagbag.py","lineno":593}
{"timestamp":"2026-03-03T14:49:34.268905Z","level":"info","event":"Filling up the DagBag from /opt/airflow/dags/3_operator.py","logger":"airflow.models.dagbag.BundleDagBag","filename":"dagbag.py","lineno":593}
{"timestamp":"2026-03-03T14:50:05.181481Z","level":"info","event":"Filling up the DagBag from /opt/airflow/dags/3_operator.py","logger":"airflow.models.dagbag.BundleDagBag","filename":"dagbag.py","lineno":593}
{"timestamp":"2026-03-03T14:50:36.124928Z","level":"info","event":"Filling up the DagBag from /opt/airflow/dags/3_operator.py","logger":"airflow.models.dagbag.BundleDagBag","filename":"dagbag.py","lineno":593}
{"timestamp":"2026-03-03T14:51:07.084318Z","level":"info","event":"Filling up the DagBag from /opt/airflow/dags/3_operator.py","logger":"airflow.models.dagbag.BundleDagBag","filename":"dagbag.py","lineno":593}
{"timestamp":"2026-03-03T14:51:38.045988Z","level":"info","event":"Filling up the DagBag from /opt/airflow/dags/3_operator.py","logger":"airflow.models.dagbag.BundleDagBag","filename":"dagbag.py","lineno":593}
{"timestamp":"2026-03-03T14:52:08.972953Z","level":"info","event":"Filling up the DagBag from /opt/airflow/dags/3_operator.py","logger":"airflow.models.dagbag.BundleDagBag","filename":"dagbag.py","lineno":593}
{"timestamp":"2026-03-03T14:52:39.955871Z","level":"info","event":"Filling up the DagBag from /opt/airflow/dags/3_operator.py","logger":"airflow.models.dagbag.BundleDagBag","filename":"dagbag.py","lineno":593}
{"timestamp":"2026-03-03T14:53:10.883991Z","level":"info","event":"Filling up the DagBag from /opt/airflow/dags/3_operator.py","logger":"airflow.models.dagbag.BundleDagBag","filename":"dagbag.py","lineno":593}
{"timestamp":"2026-03-03T14:53:41.759255Z","level":"info","event":"Filling up the DagBag from /opt/airflow/dags/3_operator.py","logger":"airflow.models.dagbag.BundleDagBag","filename":"dagbag.py","lineno":593}
{"timestamp":"2026-03-03T14:54:12.714314Z","level":"info","event":"Filling up the DagBag from /opt/airflow/dags/3_operator.py","logger":"airflow.models.dagbag.BundleDagBag","filename":"dagbag.py","lineno":593}
{"timestamp":"2026-03-03T14:54:43.567475Z","level":"info","event":"Filling up the DagBag from /opt/airflow/dags/3_operator.py","logger":"airflow.models.dagbag.BundleDagBag","filename":"dagbag.py","lineno":593}
{"timestamp":"2026-03-03T14:55:14.489395Z","level":"info","event":"Filling up the DagBag from /opt/airflow/dags/3_operator.py","logger":"airflow.models.dagbag.BundleDagBag","filename":"dagbag.py","lineno":593}
{"timestamp":"2026-03-03T14:55:45.408451Z","level":"info","event":"Filling up the DagBag from /opt/airflow/dags/3_operator.py","logger":"airflow.models.dagbag.BundleDagBag","filename":"dagbag.py","lineno":593}
{"timestamp":"2026-03-03T14:56:16.313065Z","level":"info","event":"Filling up the DagBag from /opt/airflow/dags/3_operator.py","logger":"airflow.models.dagbag.BundleDagBag","filename":"dagbag.py","lineno":593}
{"timestamp":"2026-03-03T14:56:46.519969Z","level":"info","event":"Filling up the DagBag from /opt/airflow/dags/3_operator.py","logger":"airflow.models.dagbag.BundleDagBag","filename":"dagbag.py","lineno":593}
{"timestamp":"2026-03-03T14:57:17.546475Z","level":"info","event":"Filling up the DagBag from /opt/airflow/dags/3_operator.py","logger":"airflow.models.dagbag.BundleDagBag","filename":"dagbag.py","lineno":593}
{"timestamp":"2026-03-03T14:57:47.934339Z","level":"info","event":"Filling up the DagBag from /opt/airflow/dags/3_operator.py","logger":"airflow.models.dagbag.BundleDagBag","filename":"dagbag.py","lineno":593}
{"timestamp":"2026-03-03T14:58:18.938627Z","level":"info","event":"Filling up the DagBag from /opt/airflow/dags/3_operator.py","logger":"airflow.models.dagbag.BundleDagBag","filename":"dagbag.py","lineno":593}
{"timestamp":"2026-03-03T14:58:49.271797Z","level":"info","event":"Filling up the DagBag from /opt/airflow/dags/3_operator.py","logger":"airflow.models.dagbag.BundleDagBag","filename":"dagbag.py","lineno":593}
{"timestamp":"2026-03-03T14:59:20.254442Z","level":"info","event":"Filling up the DagBag from /opt/airflow/dags/3_operator.py","logger":"airflow.models.dagbag.BundleDagBag","filename":"dagbag.py","lineno":593}
{"timestamp":"2026-03-03T14:59:51.188148Z","level":"info","event":"Filling up the DagBag from /opt/airflow/dags/3_operator.py","logger":"airflow.models.dagbag.BundleDagBag","filename":"dagbag.py","lineno":593}
{"timestamp":"2026-03-03T15:00:22.283271Z","level":"info","event":"Filling up the DagBag from /opt/airflow/dags/3_operator.py","logger":"airflow.models.dagbag.BundleDagBag","filename":"dagbag.py","lineno":593}
{"timestamp":"2026-03-03T15:00:53.259553Z","level":"info","event":"Filling up the DagBag from /opt/airflow/dags/3_operator.py","logger":"airflow.models.dagbag.BundleDagBag","filename":"dagbag.py","lineno":593}
{"timestamp":"2026-03-03T15:01:24.517759Z","level":"info","event":"Filling up the DagBag from /opt/airflow/dags/3_operator.py","logger":"airflow.models.dagbag.BundleDagBag","filename":"dagbag.py","lineno":593}
{"timestamp":"2026-03-03T15:01:54.677610Z","level":"info","event":"Filling up the DagBag from /opt/airflow/dags/3_operator.py","logger":"airflow.models.dagbag.BundleDagBag","filename":"dagbag.py","lineno":593}
{"timestamp":"2026-03-03T15:02:25.799054Z","level":"info","event":"Filling up the DagBag from /opt/airflow/dags/3_operator.py","logger":"airflow.models.dagbag.BundleDagBag","filename":"dagbag.py","lineno":593}
{"timestamp":"2026-03-03T15:02:56.756907Z","level":"info","event":"Filling up the DagBag from /opt/airflow/dags/3_operator.py","logger":"airflow.models.dagbag.BundleDagBag","filename":"dagbag.py","lineno":593}
{"timestamp":"2026-03-03T15:03:27.715203Z","level":"info","event":"Filling up the DagBag from /opt/airflow/dags/3_operator.py","logger":"airflow.models.dagbag.BundleDagBag","filename":"dagbag.py","lineno":593}
{"timestamp":"2026-03-03T15:03:58.727672Z","level":"info","event":"Filling up the DagBag from /opt/airflow/dags/3_operator.py","logger":"airflow.models.dagbag.BundleDagBag","filename":"dagbag.py","lineno":593}
{"timestamp":"2026-03-03T15:04:29.674230Z","level":"info","event":"Filling up the DagBag from /opt/airflow/dags/3_operator.py","logger":"airflow.models.dagbag.BundleDagBag","filename":"dagbag.py","lineno":593}
{"timestamp":"2026-03-03T15:05:00.708438Z","level":"info","event":"Filling up the DagBag from /opt/airflow/dags/3_operator.py","logger":"airflow.models.dagbag.BundleDagBag","filename":"dagbag.py","lineno":593}
{"timestamp":"2026-03-03T15:05:31.734708Z","level":"info","event":"Filling up the DagBag from /opt/airflow/dags/3_operator.py","logger":"airflow.models.dagbag.BundleDagBag","filename":"dagbag.py","lineno":593}
{"timestamp":"2026-03-03T15:06:02.056755Z","level":"info","event":"Filling up the DagBag from /opt/airflow/dags/3_operator.py","logger":"airflow.models.dagbag.BundleDagBag","filename":"dagbag.py","lineno":593}
{"timestamp":"2026-03-03T15:06:33.049086Z","level":"info","event":"Filling up the DagBag from /opt/airflow/dags/3_operator.py","logger":"airflow.models.dagbag.BundleDagBag","filename":"dagbag.py","lineno":593}
{"timestamp":"2026-03-03T15:07:04.083476Z","level":"info","event":"Filling up the DagBag from /opt/airflow/dags/3_operator.py","logger":"airflow.models.dagbag.BundleDagBag","filename":"dagbag.py","lineno":593}
{"timestamp":"2026-03-03T15:07:34.273118Z","level":"info","event":"Filling up the DagBag from /opt/airflow/dags/3_operator.py","logger":"airflow.models.dagbag.BundleDagBag","filename":"dagbag.py","lineno":593}
{"timestamp":"2026-03-03T15:08:04.419768Z","level":"info","event":"Filling up the DagBag from /opt/airflow/dags/3_operator.py","logger":"airflow.models.dagbag.BundleDagBag","filename":"dagbag.py","lineno":593}
{"timestamp":"2026-03-03T15:08:35.338041Z","level":"info","event":"Filling up the DagBag from /opt/airflow/dags/3_operator.py","logger":"airflow.models.dagbag.BundleDagBag","filename":"dagbag.py","lineno":593}
{"timestamp":"2026-03-03T15:09:05.588768Z","level":"info","event":"Filling up the DagBag from /opt/airflow/dags/3_operator.py","logger":"airflow.models.dagbag.BundleDagBag","filename":"dagbag.py","lineno":593}
{"timestamp":"2026-03-03T15:09:36.689345Z","level":"info","event":"Filling up the DagBag from /opt/airflow/dags/3_operator.py","logger":"airflow.models.dagbag.BundleDagBag","filename":"dagbag.py","lineno":593}
{"timestamp":"2026-03-03T15:10:07.868858Z","level":"info","event":"Filling up the DagBag from /opt/airflow/dags/3_operator.py","logger":"airflow.models.dagbag.BundleDagBag","filename":"dagbag.py","lineno":593}
{"timestamp":"2026-03-03T15:10:38.057886Z","level":"info","event":"Filling up the DagBag from /opt/airflow/dags/3_operator.py","logger":"airflow.models.dagbag.BundleDagBag","filename":"dagbag.py","lineno":593}
{"timestamp":"2026-03-03T15:11:09.054279Z","level":"info","event":"Filling up the DagBag from /opt/airflow/dags/3_operator.py","logger":"airflow.models.dagbag.BundleDagBag","filename":"dagbag.py","lineno":593}
{"timestamp":"2026-03-03T15:11:40.040658Z","level":"info","event":"Filling up the DagBag from /opt/airflow/dags/3_operator.py","logger":"airflow.models.dagbag.BundleDagBag","filename":"dagbag.py","lineno":593}
{"timestamp":"2026-03-03T15:12:10.993738Z","level":"info","event":"Filling up the DagBag from /opt/airflow/dags/3_operator.py","logger":"airflow.models.dagbag.BundleDagBag","filename":"dagbag.py","lineno":593}
{"timestamp":"2026-03-03T15:12:41.944517Z","level":"info","event":"Filling up the DagBag from /opt/airflow/dags/3_operator.py","logger":"airflow.models.dagbag.BundleDagBag","filename":"dagbag.py","lineno":593}
{"timestamp":"2026-03-03T15:13:12.980220Z","level":"info","event":"Filling up the DagBag from /opt/airflow/dags/3_operator.py","logger":"airflow.models.dagbag.BundleDagBag","filename":"dagbag.py","lineno":593}
{"timestamp":"2026-03-03T15:13:43.940291Z","level":"info","event":"Filling up the DagBag from /opt/airflow/dags/3_operator.py","logger":"airflow.models.dagbag.BundleDagBag","filename":"dagbag.py","lineno":593}
{"timestamp":"2026-03-03T15:14:14.969607Z","level":"info","event":"Filling up the DagBag from /opt/airflow/dags/3_operator.py","logger":"airflow.models.dagbag.BundleDagBag","filename":"dagbag.py","lineno":593}
{"timestamp":"2026-03-03T15:14:46.000771Z","level":"info","event":"Filling up the DagBag from /opt/airflow/dags/3_operator.py","logger":"airflow.models.dagbag.BundleDagBag","filename":"dagbag.py","lineno":593}
{"timestamp":"2026-03-03T15:15:17.020093Z","level":"info","event":"Filling up the DagBag from /opt/airflow/dags/3_operator.py","logger":"airflow.models.dagbag.BundleDagBag","filename":"dagbag.py","lineno":593}
{"timestamp":"2026-03-03T15:15:48.028256Z","level":"info","event":"Filling up the DagBag from /opt/airflow/dags/3_operator.py","logger":"airflow.models.dagbag.BundleDagBag","filename":"dagbag.py","lineno":593}
{"timestamp":"2026-03-03T15:16:18.926521Z","level":"info","event":"Filling up the DagBag from /opt/airflow/dags/3_operator.py","logger":"airflow.models.dagbag.BundleDagBag","filename":"dagbag.py","lineno":593}
{"timestamp":"2026-03-03T15:16:49.882862Z","level":"info","event":"Filling up the DagBag from /opt/airflow/dags/3_operator.py","logger":"airflow.models.dagbag.BundleDagBag","filename":"dagbag.py","lineno":593}
{"timestamp":"2026-03-03T15:17:20.892817Z","level":"info","event":"Filling up the DagBag from /opt/airflow/dags/3_operator.py","logger":"airflow.models.dagbag.BundleDagBag","filename":"dagbag.py","lineno":593}
{"timestamp":"2026-03-03T15:17:51.811482Z","level":"info","event":"Filling up the DagBag from /opt/airflow/dags/3_operator.py","logger":"airflow.models.dagbag.BundleDagBag","filename":"dagbag.py","lineno":593}
{"timestamp":"2026-03-03T15:18:22.772342Z","level":"info","event":"Filling up the DagBag from /opt/airflow/dags/3_operator.py","logger":"airflow.models.dagbag.BundleDagBag","filename":"dagbag.py","lineno":593}
{"timestamp":"2026-03-03T15:18:53.717920Z","level":"info","event":"Filling up the DagBag from /opt/airflow/dags/3_operator.py","logger":"airflow.models.dagbag.BundleDagBag","filename":"dagbag.py","lineno":593}
{"timestamp":"2026-03-03T15:19:24.752565Z","level":"info","event":"Filling up the DagBag from /opt/airflow/dags/3_operator.py","logger":"airflow.models.dagbag.BundleDagBag","filename":"dagbag.py","lineno":593}
{"timestamp":"2026-03-03T15:19:55.788881Z","level":"info","event":"Filling up the DagBag from /opt/airflow/dags/3_operator.py","logger":"airflow.models.dagbag.BundleDagBag","filename":"dagbag.py","lineno":593}
{"timestamp":"2026-03-03T15:20:26.759097Z","level":"info","event":"Filling up the DagBag from /opt/airflow/dags/3_operator.py","logger":"airflow.models.dagbag.BundleDagBag","filename":"dagbag.py","lineno":593}
{"timestamp":"2026-03-03T15:20:57.744483Z","level":"info","event":"Filling up the DagBag from /opt/airflow/dags/3_operator.py","logger":"airflow.models.dagbag.BundleDagBag","filename":"dagbag.py","lineno":593}
{"timestamp":"2026-03-03T15:21:28.020178Z","level":"info","event":"Filling up the DagBag from /opt/airflow/dags/3_operator.py","logger":"airflow.models.dagbag.BundleDagBag","filename":"dagbag.py","lineno":593}
{"timestamp":"2026-03-03T15:21:58.974515Z","level":"info","event":"Filling up the DagBag from /opt/airflow/dags/3_operator.py","logger":"airflow.models.dagbag.BundleDagBag","filename":"dagbag.py","lineno":593}
{"timestamp":"2026-03-03T16:20:39.450559Z","level":"info","event":"Filling up the DagBag from /opt/airflow/dags/3_operator.py","logger":"airflow.models.dagbag.BundleDagBag","filename":"dagbag.py","lineno":593}
{"timestamp":"2026-03-03T16:21:09.838654Z","level":"info","event":"Filling up the DagBag from /opt/airflow/dags/3_operator.py","logger":"airflow.models.dagbag.BundleDagBag","filename":"dagbag.py","lineno":593}
{"timestamp":"2026-03-03T16:21:40.679426Z","level":"info","event":"Filling up the DagBag from /opt/airflow/dags/3_operator.py","logger":"airflow.models.dagbag.BundleDagBag","filename":"dagbag.py","lineno":593}
{"timestamp":"2026-03-03T16:22:11.547499Z","level":"info","event":"Filling up the DagBag from /opt/airflow/dags/3_operator.py","logger":"airflow.models.dagbag.BundleDagBag","filename":"dagbag.py","lineno":593}
{"timestamp":"2026-03-03T16:22:42.422261Z","level":"info","event":"Filling up the DagBag from /opt/airflow/dags/3_operator.py","logger":"airflow.models.dagbag.BundleDagBag","filename":"dagbag.py","lineno":593}
{"timestamp":"2026-03-03T16:23:13.239836Z","level":"info","event":"Filling up the DagBag from /opt/airflow/dags/3_operator.py","logger":"airflow.models.dagbag.BundleDagBag","filename":"dagbag.py","lineno":593}
{"timestamp":"2026-03-03T16:23:44.114889Z","level":"info","event":"Filling up the DagBag from /opt/airflow/dags/3_operator.py","logger":"airflow.models.dagbag.BundleDagBag","filename":"dagbag.py","lineno":593}
{"timestamp":"2026-03-03T16:40:08.137813Z","level":"info","event":"Filling up the DagBag from /opt/airflow/dags/3_operator.py","logger":"airflow.models.dagbag.BundleDagBag","filename":"dagbag.py","lineno":593}
