{"timestamp":"2026-03-05T04:03:51.075730Z","level":"warning","event":"Error when trying to pre-import module 'airflow.sfk' found in /opt/airflow/dags/11_incremental_load.py: No module named 'airflow.sfk'","logger":"processor"}
{"timestamp":"2026-03-05T04:03:51.111854Z","level":"info","event":"Filling up the DagBag from /opt/airflow/dags/11_incremental_load.py","logger":"airflow.models.dagbag.BundleDagBag","filename":"dagbag.py","lineno":593}
{"timestamp":"2026-03-05T04:03:51.141857Z","level":"error","event":"Failed to import: /opt/airflow/dags/11_incremental_load.py","logger":"airflow.models.dagbag.BundleDagBag","filename":"dagbag.py","lineno":415,"error_detail":[{"exc_type":"ModuleNotFoundError","exc_value":"No module named 'airflow.sfk'","exc_notes":[],"syntax_error":null,"is_cause":false,"frames":[{"filename":"/home/airflow/.local/lib/python3.12/site-packages/airflow/models/dagbag.py","lineno":405,"name":"parse"},{"filename":"<frozen importlib._bootstrap_external>","lineno":999,"name":"exec_module"},{"filename":"<frozen importlib._bootstrap>","lineno":488,"name":"_call_with_frames_removed"},{"filename":"/opt/airflow/dags/11_incremental_load.py","lineno":1,"name":"<module>"}],"is_group":false,"exceptions":[]}]}
{"timestamp":"2026-03-05T04:03:58.563707Z","level":"warning","event":"Error when trying to pre-import module 'airflow.sfk' found in /opt/airflow/dags/11_incremental_load.py: No module named 'airflow.sfk'","logger":"processor"}
{"timestamp":"2026-03-05T04:03:58.604068Z","level":"info","event":"Filling up the DagBag from /opt/airflow/dags/11_incremental_load.py","logger":"airflow.models.dagbag.BundleDagBag","filename":"dagbag.py","lineno":593}
{"timestamp":"2026-03-05T04:03:58.709495Z","level":"error","event":"Failed to import: /opt/airflow/dags/11_incremental_load.py","logger":"airflow.models.dagbag.BundleDagBag","filename":"dagbag.py","lineno":415,"error_detail":[{"exc_type":"ModuleNotFoundError","exc_value":"No module named 'airflow.sfk'","exc_notes":[],"syntax_error":null,"is_cause":false,"frames":[{"filename":"/home/airflow/.local/lib/python3.12/site-packages/airflow/models/dagbag.py","lineno":405,"name":"parse"},{"filename":"<frozen importlib._bootstrap_external>","lineno":999,"name":"exec_module"},{"filename":"<frozen importlib._bootstrap>","lineno":488,"name":"_call_with_frames_removed"},{"filename":"/opt/airflow/dags/11_incremental_load.py","lineno":1,"name":"<module>"}],"is_group":false,"exceptions":[]}]}
{"timestamp":"2026-03-05T04:03:59.835677Z","level":"warning","event":"Error when trying to pre-import module 'airflow.sfk' found in /opt/airflow/dags/11_incremental_load.py: No module named 'airflow.sfk'","logger":"processor"}
{"timestamp":"2026-03-05T04:03:59.866830Z","level":"info","event":"Filling up the DagBag from /opt/airflow/dags/11_incremental_load.py","logger":"airflow.models.dagbag.BundleDagBag","filename":"dagbag.py","lineno":593}
{"timestamp":"2026-03-05T04:03:59.899453Z","level":"error","event":"Failed to import: /opt/airflow/dags/11_incremental_load.py","logger":"airflow.models.dagbag.BundleDagBag","filename":"dagbag.py","lineno":415,"error_detail":[{"exc_type":"ModuleNotFoundError","exc_value":"No module named 'airflow.sfk'","exc_notes":[],"syntax_error":null,"is_cause":false,"frames":[{"filename":"/home/airflow/.local/lib/python3.12/site-packages/airflow/models/dagbag.py","lineno":405,"name":"parse"},{"filename":"<frozen importlib._bootstrap_external>","lineno":999,"name":"exec_module"},{"filename":"<frozen importlib._bootstrap>","lineno":488,"name":"_call_with_frames_removed"},{"filename":"/opt/airflow/dags/11_incremental_load.py","lineno":1,"name":"<module>"}],"is_group":false,"exceptions":[]}]}
{"timestamp":"2026-03-05T04:04:30.288881Z","level":"warning","event":"Error when trying to pre-import module 'airflow.sfk' found in /opt/airflow/dags/11_incremental_load.py: No module named 'airflow.sfk'","logger":"processor"}
{"timestamp":"2026-03-05T04:04:30.320372Z","level":"info","event":"Filling up the DagBag from /opt/airflow/dags/11_incremental_load.py","logger":"airflow.models.dagbag.BundleDagBag","filename":"dagbag.py","lineno":593}
{"timestamp":"2026-03-05T04:04:30.335806Z","level":"error","event":"Failed to import: /opt/airflow/dags/11_incremental_load.py","logger":"airflow.models.dagbag.BundleDagBag","filename":"dagbag.py","lineno":415,"error_detail":[{"exc_type":"ModuleNotFoundError","exc_value":"No module named 'airflow.sfk'","exc_notes":[],"syntax_error":null,"is_cause":false,"frames":[{"filename":"/home/airflow/.local/lib/python3.12/site-packages/airflow/models/dagbag.py","lineno":405,"name":"parse"},{"filename":"<frozen importlib._bootstrap_external>","lineno":999,"name":"exec_module"},{"filename":"<frozen importlib._bootstrap>","lineno":488,"name":"_call_with_frames_removed"},{"filename":"/opt/airflow/dags/11_incremental_load.py","lineno":1,"name":"<module>"}],"is_group":false,"exceptions":[]}]}
{"timestamp":"2026-03-05T04:05:00.579196Z","level":"warning","event":"Error when trying to pre-import module 'airflow.sfk' found in /opt/airflow/dags/11_incremental_load.py: No module named 'airflow.sfk'","logger":"processor"}
{"timestamp":"2026-03-05T04:05:00.610359Z","level":"info","event":"Filling up the DagBag from /opt/airflow/dags/11_incremental_load.py","logger":"airflow.models.dagbag.BundleDagBag","filename":"dagbag.py","lineno":593}
{"timestamp":"2026-03-05T04:05:00.624197Z","level":"error","event":"Failed to import: /opt/airflow/dags/11_incremental_load.py","logger":"airflow.models.dagbag.BundleDagBag","filename":"dagbag.py","lineno":415,"error_detail":[{"exc_type":"ModuleNotFoundError","exc_value":"No module named 'airflow.sfk'","exc_notes":[],"syntax_error":null,"is_cause":false,"frames":[{"filename":"/home/airflow/.local/lib/python3.12/site-packages/airflow/models/dagbag.py","lineno":405,"name":"parse"},{"filename":"<frozen importlib._bootstrap_external>","lineno":999,"name":"exec_module"},{"filename":"<frozen importlib._bootstrap>","lineno":488,"name":"_call_with_frames_removed"},{"filename":"/opt/airflow/dags/11_incremental_load.py","lineno":1,"name":"<module>"}],"is_group":false,"exceptions":[]}]}
{"timestamp":"2026-03-05T04:05:19.860415Z","level":"warning","event":"Error when trying to pre-import module 'airflow.sfk' found in /opt/airflow/dags/11_incremental_load.py: No module named 'airflow.sfk'","logger":"processor"}
{"timestamp":"2026-03-05T04:05:19.904145Z","level":"info","event":"Filling up the DagBag from /opt/airflow/dags/11_incremental_load.py","logger":"airflow.models.dagbag.BundleDagBag","filename":"dagbag.py","lineno":593}
{"timestamp":"2026-03-05T04:05:19.952968Z","level":"error","event":"Failed to import: /opt/airflow/dags/11_incremental_load.py","logger":"airflow.models.dagbag.BundleDagBag","filename":"dagbag.py","lineno":415,"error_detail":[{"exc_type":"ModuleNotFoundError","exc_value":"No module named 'airflow.sfk'","exc_notes":[],"syntax_error":null,"is_cause":false,"frames":[{"filename":"/home/airflow/.local/lib/python3.12/site-packages/airflow/models/dagbag.py","lineno":405,"name":"parse"},{"filename":"<frozen importlib._bootstrap_external>","lineno":999,"name":"exec_module"},{"filename":"<frozen importlib._bootstrap>","lineno":488,"name":"_call_with_frames_removed"},{"filename":"/opt/airflow/dags/11_incremental_load.py","lineno":1,"name":"<module>"}],"is_group":false,"exceptions":[]}]}
{"timestamp":"2026-03-05T04:05:50.448155Z","level":"warning","event":"Error when trying to pre-import module 'airflow.sfk' found in /opt/airflow/dags/11_incremental_load.py: No module named 'airflow.sfk'","logger":"processor"}
{"timestamp":"2026-03-05T04:05:50.478583Z","level":"info","event":"Filling up the DagBag from /opt/airflow/dags/11_incremental_load.py","logger":"airflow.models.dagbag.BundleDagBag","filename":"dagbag.py","lineno":593}
{"timestamp":"2026-03-05T04:05:50.514466Z","level":"error","event":"Failed to import: /opt/airflow/dags/11_incremental_load.py","logger":"airflow.models.dagbag.BundleDagBag","filename":"dagbag.py","lineno":415,"error_detail":[{"exc_type":"ModuleNotFoundError","exc_value":"No module named 'airflow.sfk'","exc_notes":[],"syntax_error":null,"is_cause":false,"frames":[{"filename":"/home/airflow/.local/lib/python3.12/site-packages/airflow/models/dagbag.py","lineno":405,"name":"parse"},{"filename":"<frozen importlib._bootstrap_external>","lineno":999,"name":"exec_module"},{"filename":"<frozen importlib._bootstrap>","lineno":488,"name":"_call_with_frames_removed"},{"filename":"/opt/airflow/dags/11_incremental_load.py","lineno":1,"name":"<module>"}],"is_group":false,"exceptions":[]}]}
{"timestamp":"2026-03-05T04:05:51.634082Z","level":"warning","event":"Error when trying to pre-import module 'airflow.sfk' found in /opt/airflow/dags/11_incremental_load.py: No module named 'airflow.sfk'","logger":"processor"}
{"timestamp":"2026-03-05T04:05:51.671592Z","level":"info","event":"Filling up the DagBag from /opt/airflow/dags/11_incremental_load.py","logger":"airflow.models.dagbag.BundleDagBag","filename":"dagbag.py","lineno":593}
{"timestamp":"2026-03-05T04:05:51.711063Z","level":"error","event":"Failed to import: /opt/airflow/dags/11_incremental_load.py","logger":"airflow.models.dagbag.BundleDagBag","filename":"dagbag.py","lineno":415,"error_detail":[{"exc_type":"ModuleNotFoundError","exc_value":"No module named 'airflow.sfk'","exc_notes":[],"syntax_error":null,"is_cause":false,"frames":[{"filename":"/home/airflow/.local/lib/python3.12/site-packages/airflow/models/dagbag.py","lineno":405,"name":"parse"},{"filename":"<frozen importlib._bootstrap_external>","lineno":999,"name":"exec_module"},{"filename":"<frozen importlib._bootstrap>","lineno":488,"name":"_call_with_frames_removed"},{"filename":"/opt/airflow/dags/11_incremental_load.py","lineno":1,"name":"<module>"}],"is_group":false,"exceptions":[]}]}
{"timestamp":"2026-03-05T04:06:22.126519Z","level":"info","event":"Filling up the DagBag from /opt/airflow/dags/11_incremental_load.py","logger":"airflow.models.dagbag.BundleDagBag","filename":"dagbag.py","lineno":593}
{"timestamp":"2026-03-05T04:06:40.075504Z","level":"info","event":"Filling up the DagBag from /opt/airflow/dags/11_incremental_load.py","logger":"airflow.models.dagbag.BundleDagBag","filename":"dagbag.py","lineno":593}
{"timestamp":"2026-03-05T04:06:41.232429Z","level":"info","event":"Filling up the DagBag from /opt/airflow/dags/11_incremental_load.py","logger":"airflow.models.dagbag.BundleDagBag","filename":"dagbag.py","lineno":593}
{"timestamp":"2026-03-05T04:07:11.539149Z","level":"info","event":"Filling up the DagBag from /opt/airflow/dags/11_incremental_load.py","logger":"airflow.models.dagbag.BundleDagBag","filename":"dagbag.py","lineno":593}
{"timestamp":"2026-03-05T04:07:41.852889Z","level":"info","event":"Filling up the DagBag from /opt/airflow/dags/11_incremental_load.py","logger":"airflow.models.dagbag.BundleDagBag","filename":"dagbag.py","lineno":593}
{"timestamp":"2026-03-05T04:08:12.391934Z","level":"info","event":"Filling up the DagBag from /opt/airflow/dags/11_incremental_load.py","logger":"airflow.models.dagbag.BundleDagBag","filename":"dagbag.py","lineno":593}
{"timestamp":"2026-03-05T04:08:42.719729Z","level":"info","event":"Filling up the DagBag from /opt/airflow/dags/11_incremental_load.py","logger":"airflow.models.dagbag.BundleDagBag","filename":"dagbag.py","lineno":593}
{"timestamp":"2026-03-05T04:09:12.947107Z","level":"info","event":"Filling up the DagBag from /opt/airflow/dags/11_incremental_load.py","logger":"airflow.models.dagbag.BundleDagBag","filename":"dagbag.py","lineno":593}
{"timestamp":"2026-03-05T04:09:43.196912Z","level":"info","event":"Filling up the DagBag from /opt/airflow/dags/11_incremental_load.py","logger":"airflow.models.dagbag.BundleDagBag","filename":"dagbag.py","lineno":593}
{"timestamp":"2026-03-05T04:10:13.824135Z","level":"info","event":"Filling up the DagBag from /opt/airflow/dags/11_incremental_load.py","logger":"airflow.models.dagbag.BundleDagBag","filename":"dagbag.py","lineno":593}
{"timestamp":"2026-03-05T04:10:21.078756Z","level":"info","event":"Filling up the DagBag from /opt/airflow/dags/11_incremental_load.py","logger":"airflow.models.dagbag.BundleDagBag","filename":"dagbag.py","lineno":593}
{"timestamp":"2026-03-05T04:10:22.250815Z","level":"info","event":"Filling up the DagBag from /opt/airflow/dags/11_incremental_load.py","logger":"airflow.models.dagbag.BundleDagBag","filename":"dagbag.py","lineno":593}
{"timestamp":"2026-03-05T04:10:23.457283Z","level":"info","event":"Filling up the DagBag from /opt/airflow/dags/11_incremental_load.py","logger":"airflow.models.dagbag.BundleDagBag","filename":"dagbag.py","lineno":593}
{"timestamp":"2026-03-05T04:10:53.673750Z","level":"info","event":"Filling up the DagBag from /opt/airflow/dags/11_incremental_load.py","logger":"airflow.models.dagbag.BundleDagBag","filename":"dagbag.py","lineno":593}
{"timestamp":"2026-03-05T04:11:24.076711Z","level":"info","event":"Filling up the DagBag from /opt/airflow/dags/11_incremental_load.py","logger":"airflow.models.dagbag.BundleDagBag","filename":"dagbag.py","lineno":593}
{"timestamp":"2026-03-05T04:11:54.521229Z","level":"info","event":"Filling up the DagBag from /opt/airflow/dags/11_incremental_load.py","logger":"airflow.models.dagbag.BundleDagBag","filename":"dagbag.py","lineno":593}
{"timestamp":"2026-03-05T04:12:25.010009Z","level":"info","event":"Filling up the DagBag from /opt/airflow/dags/11_incremental_load.py","logger":"airflow.models.dagbag.BundleDagBag","filename":"dagbag.py","lineno":593}
{"timestamp":"2026-03-05T04:12:39.472859Z","level":"info","event":"Filling up the DagBag from /opt/airflow/dags/11_incremental_load.py","logger":"airflow.models.dagbag.BundleDagBag","filename":"dagbag.py","lineno":593}
{"timestamp":"2026-03-05T04:12:39.677685Z","level":"info","event":"Filling up the DagBag from /opt/airflow/dags/11_incremental_load.py","logger":"airflow.models.dagbag.BundleDagBag","filename":"dagbag.py","lineno":593}
{"timestamp":"2026-03-05T04:12:40.013229Z","level":"info","event":"Filling up the DagBag from /opt/airflow/dags/11_incremental_load.py","logger":"airflow.models.dagbag.BundleDagBag","filename":"dagbag.py","lineno":593}
{"timestamp":"2026-03-05T04:12:41.159049Z","level":"info","event":"Filling up the DagBag from /opt/airflow/dags/11_incremental_load.py","logger":"airflow.models.dagbag.BundleDagBag","filename":"dagbag.py","lineno":593}
{"timestamp":"2026-03-05T04:12:42.407034Z","level":"info","event":"Filling up the DagBag from /opt/airflow/dags/11_incremental_load.py","logger":"airflow.models.dagbag.BundleDagBag","filename":"dagbag.py","lineno":593}
{"timestamp":"2026-03-05T04:12:43.629150Z","level":"info","event":"Filling up the DagBag from /opt/airflow/dags/11_incremental_load.py","logger":"airflow.models.dagbag.BundleDagBag","filename":"dagbag.py","lineno":593}
{"timestamp":"2026-03-05T04:12:44.161278Z","level":"info","event":"Filling up the DagBag from /opt/airflow/dags/11_incremental_load.py","logger":"airflow.models.dagbag.BundleDagBag","filename":"dagbag.py","lineno":593}
{"timestamp":"2026-03-05T04:12:45.342496Z","level":"info","event":"Filling up the DagBag from /opt/airflow/dags/11_incremental_load.py","logger":"airflow.models.dagbag.BundleDagBag","filename":"dagbag.py","lineno":593}
{"timestamp":"2026-03-05T04:12:46.732038Z","level":"info","event":"Filling up the DagBag from /opt/airflow/dags/11_incremental_load.py","logger":"airflow.models.dagbag.BundleDagBag","filename":"dagbag.py","lineno":593}
{"timestamp":"2026-03-05T04:12:47.958027Z","level":"info","event":"Filling up the DagBag from /opt/airflow/dags/11_incremental_load.py","logger":"airflow.models.dagbag.BundleDagBag","filename":"dagbag.py","lineno":593}
{"timestamp":"2026-03-05T04:13:18.389164Z","level":"info","event":"Filling up the DagBag from /opt/airflow/dags/11_incremental_load.py","logger":"airflow.models.dagbag.BundleDagBag","filename":"dagbag.py","lineno":593}
{"timestamp":"2026-03-05T04:13:48.871180Z","level":"info","event":"Filling up the DagBag from /opt/airflow/dags/11_incremental_load.py","logger":"airflow.models.dagbag.BundleDagBag","filename":"dagbag.py","lineno":593}
{"timestamp":"2026-03-05T04:14:19.211566Z","level":"info","event":"Filling up the DagBag from /opt/airflow/dags/11_incremental_load.py","logger":"airflow.models.dagbag.BundleDagBag","filename":"dagbag.py","lineno":593}
{"timestamp":"2026-03-05T04:14:49.498738Z","level":"info","event":"Filling up the DagBag from /opt/airflow/dags/11_incremental_load.py","logger":"airflow.models.dagbag.BundleDagBag","filename":"dagbag.py","lineno":593}
{"timestamp":"2026-03-05T04:15:19.785892Z","level":"info","event":"Filling up the DagBag from /opt/airflow/dags/11_incremental_load.py","logger":"airflow.models.dagbag.BundleDagBag","filename":"dagbag.py","lineno":593}
{"timestamp":"2026-03-05T04:15:49.997197Z","level":"info","event":"Filling up the DagBag from /opt/airflow/dags/11_incremental_load.py","logger":"airflow.models.dagbag.BundleDagBag","filename":"dagbag.py","lineno":593}
{"timestamp":"2026-03-05T04:16:20.540135Z","level":"info","event":"Filling up the DagBag from /opt/airflow/dags/11_incremental_load.py","logger":"airflow.models.dagbag.BundleDagBag","filename":"dagbag.py","lineno":593}
{"timestamp":"2026-03-05T04:16:50.847971Z","level":"info","event":"Filling up the DagBag from /opt/airflow/dags/11_incremental_load.py","logger":"airflow.models.dagbag.BundleDagBag","filename":"dagbag.py","lineno":593}
{"timestamp":"2026-03-05T04:17:11.172838Z","level":"info","event":"Filling up the DagBag from /opt/airflow/dags/11_incremental_load.py","logger":"airflow.models.dagbag.BundleDagBag","filename":"dagbag.py","lineno":593}
{"timestamp":"2026-03-05T04:17:12.354899Z","level":"info","event":"Filling up the DagBag from /opt/airflow/dags/11_incremental_load.py","logger":"airflow.models.dagbag.BundleDagBag","filename":"dagbag.py","lineno":593}
{"timestamp":"2026-03-05T04:17:24.239960Z","level":"info","event":"Filling up the DagBag from /opt/airflow/dags/11_incremental_load.py","logger":"airflow.models.dagbag.BundleDagBag","filename":"dagbag.py","lineno":593}
{"timestamp":"2026-03-05T04:17:25.385413Z","level":"info","event":"Filling up the DagBag from /opt/airflow/dags/11_incremental_load.py","logger":"airflow.models.dagbag.BundleDagBag","filename":"dagbag.py","lineno":593}
{"timestamp":"2026-03-05T04:17:25.530308Z","level":"info","event":"Filling up the DagBag from /opt/airflow/dags/11_incremental_load.py","logger":"airflow.models.dagbag.BundleDagBag","filename":"dagbag.py","lineno":593}
{"timestamp":"2026-03-05T04:17:26.689406Z","level":"info","event":"Filling up the DagBag from /opt/airflow/dags/11_incremental_load.py","logger":"airflow.models.dagbag.BundleDagBag","filename":"dagbag.py","lineno":593}
{"timestamp":"2026-03-05T04:17:27.960875Z","level":"info","event":"Filling up the DagBag from /opt/airflow/dags/11_incremental_load.py","logger":"airflow.models.dagbag.BundleDagBag","filename":"dagbag.py","lineno":593}
{"timestamp":"2026-03-05T04:17:28.140677Z","level":"info","event":"Filling up the DagBag from /opt/airflow/dags/11_incremental_load.py","logger":"airflow.models.dagbag.BundleDagBag","filename":"dagbag.py","lineno":593}
{"timestamp":"2026-03-05T04:17:29.392760Z","level":"info","event":"Filling up the DagBag from /opt/airflow/dags/11_incremental_load.py","logger":"airflow.models.dagbag.BundleDagBag","filename":"dagbag.py","lineno":593}
{"timestamp":"2026-03-05T04:17:59.722983Z","level":"info","event":"Filling up the DagBag from /opt/airflow/dags/11_incremental_load.py","logger":"airflow.models.dagbag.BundleDagBag","filename":"dagbag.py","lineno":593}
{"timestamp":"2026-03-05T04:18:30.013724Z","level":"info","event":"Filling up the DagBag from /opt/airflow/dags/11_incremental_load.py","logger":"airflow.models.dagbag.BundleDagBag","filename":"dagbag.py","lineno":593}
{"timestamp":"2026-03-05T04:19:00.483428Z","level":"info","event":"Filling up the DagBag from /opt/airflow/dags/11_incremental_load.py","logger":"airflow.models.dagbag.BundleDagBag","filename":"dagbag.py","lineno":593}
{"timestamp":"2026-03-05T04:19:03.699108Z","level":"info","event":"Filling up the DagBag from /opt/airflow/dags/11_incremental_load.py","logger":"airflow.models.dagbag.BundleDagBag","filename":"dagbag.py","lineno":593}
{"timestamp":"2026-03-05T04:19:04.933643Z","level":"info","event":"Filling up the DagBag from /opt/airflow/dags/11_incremental_load.py","logger":"airflow.models.dagbag.BundleDagBag","filename":"dagbag.py","lineno":593}
{"timestamp":"2026-03-05T04:19:36.076059Z","level":"info","event":"Filling up the DagBag from /opt/airflow/dags/11_incremental_load.py","logger":"airflow.models.dagbag.BundleDagBag","filename":"dagbag.py","lineno":593}
{"timestamp":"2026-03-05T04:19:39.311155Z","level":"info","event":"Filling up the DagBag from /opt/airflow/dags/11_incremental_load.py","logger":"airflow.models.dagbag.BundleDagBag","filename":"dagbag.py","lineno":593}
{"timestamp":"2026-03-05T04:19:40.673970Z","level":"info","event":"Filling up the DagBag from /opt/airflow/dags/11_incremental_load.py","logger":"airflow.models.dagbag.BundleDagBag","filename":"dagbag.py","lineno":593}
{"timestamp":"2026-03-05T04:19:41.864499Z","level":"info","event":"Filling up the DagBag from /opt/airflow/dags/11_incremental_load.py","logger":"airflow.models.dagbag.BundleDagBag","filename":"dagbag.py","lineno":593}
{"timestamp":"2026-03-05T04:20:07.735699Z","level":"info","event":"Filling up the DagBag from /opt/airflow/dags/11_incremental_load.py","logger":"airflow.models.dagbag.BundleDagBag","filename":"dagbag.py","lineno":593}
{"timestamp":"2026-03-05T04:20:08.896519Z","level":"info","event":"Filling up the DagBag from /opt/airflow/dags/11_incremental_load.py","logger":"airflow.models.dagbag.BundleDagBag","filename":"dagbag.py","lineno":593}
{"timestamp":"2026-03-05T04:20:39.109930Z","level":"info","event":"Filling up the DagBag from /opt/airflow/dags/11_incremental_load.py","logger":"airflow.models.dagbag.BundleDagBag","filename":"dagbag.py","lineno":593}
{"timestamp":"2026-03-05T04:20:41.292798Z","level":"info","event":"Filling up the DagBag from /opt/airflow/dags/11_incremental_load.py","logger":"airflow.models.dagbag.BundleDagBag","filename":"dagbag.py","lineno":593}
{"timestamp":"2026-03-05T04:20:41.338949Z","level":"error","event":"Failed to import: /opt/airflow/dags/11_incremental_load.py","logger":"airflow.models.dagbag.BundleDagBag","filename":"dagbag.py","lineno":415,"error_detail":[{"exc_type":"TypeError","exc_value":"DAG.__init__() got an unexpected keyword argument 's_paused_upon_creation'","exc_notes":[],"syntax_error":null,"is_cause":false,"frames":[{"filename":"/home/airflow/.local/lib/python3.12/site-packages/airflow/models/dagbag.py","lineno":405,"name":"parse"},{"filename":"<frozen importlib._bootstrap_external>","lineno":999,"name":"exec_module"},{"filename":"<frozen importlib._bootstrap>","lineno":488,"name":"_call_with_frames_removed"},{"filename":"/opt/airflow/dags/11_incremental_load.py","lineno":32,"name":"<module>"},{"filename":"/home/airflow/.local/lib/python3.12/site-packages/airflow/sdk/definitions/dag.py","lineno":1541,"name":"factory"}],"is_group":false,"exceptions":[]}]}
{"timestamp":"2026-03-05T04:20:42.452311Z","level":"info","event":"Filling up the DagBag from /opt/airflow/dags/11_incremental_load.py","logger":"airflow.models.dagbag.BundleDagBag","filename":"dagbag.py","lineno":593}
{"timestamp":"2026-03-05T04:20:42.495007Z","level":"error","event":"Failed to import: /opt/airflow/dags/11_incremental_load.py","logger":"airflow.models.dagbag.BundleDagBag","filename":"dagbag.py","lineno":415,"error_detail":[{"exc_type":"TypeError","exc_value":"DAG.__init__() got an unexpected keyword argument 's_paused_upon_creation'","exc_notes":[],"syntax_error":null,"is_cause":false,"frames":[{"filename":"/home/airflow/.local/lib/python3.12/site-packages/airflow/models/dagbag.py","lineno":405,"name":"parse"},{"filename":"<frozen importlib._bootstrap_external>","lineno":999,"name":"exec_module"},{"filename":"<frozen importlib._bootstrap>","lineno":488,"name":"_call_with_frames_removed"},{"filename":"/opt/airflow/dags/11_incremental_load.py","lineno":32,"name":"<module>"},{"filename":"/home/airflow/.local/lib/python3.12/site-packages/airflow/sdk/definitions/dag.py","lineno":1541,"name":"factory"}],"is_group":false,"exceptions":[]}]}
{"timestamp":"2026-03-05T04:20:48.145093Z","level":"info","event":"Filling up the DagBag from /opt/airflow/dags/11_incremental_load.py","logger":"airflow.models.dagbag.BundleDagBag","filename":"dagbag.py","lineno":593}
{"timestamp":"2026-03-05T04:20:49.360046Z","level":"info","event":"Filling up the DagBag from /opt/airflow/dags/11_incremental_load.py","logger":"airflow.models.dagbag.BundleDagBag","filename":"dagbag.py","lineno":593}
{"timestamp":"2026-03-05T04:21:01.931881Z","level":"info","event":"Filling up the DagBag from /opt/airflow/dags/11_incremental_load.py","logger":"airflow.models.dagbag.BundleDagBag","filename":"dagbag.py","lineno":593}
{"timestamp":"2026-03-05T04:21:02.239057Z","level":"info","event":"Filling up the DagBag from /opt/airflow/dags/11_incremental_load.py","logger":"airflow.models.dagbag.BundleDagBag","filename":"dagbag.py","lineno":593}
{"timestamp":"2026-03-05T04:21:03.412192Z","level":"info","event":"Filling up the DagBag from /opt/airflow/dags/11_incremental_load.py","logger":"airflow.models.dagbag.BundleDagBag","filename":"dagbag.py","lineno":593}
{"timestamp":"2026-03-05T04:21:33.770083Z","level":"info","event":"Filling up the DagBag from /opt/airflow/dags/11_incremental_load.py","logger":"airflow.models.dagbag.BundleDagBag","filename":"dagbag.py","lineno":593}
{"timestamp":"2026-03-05T04:21:54.641386Z","level":"info","event":"Filling up the DagBag from /opt/airflow/dags/11_incremental_load.py","logger":"airflow.models.dagbag.BundleDagBag","filename":"dagbag.py","lineno":593}
{"timestamp":"2026-03-05T04:22:24.889504Z","level":"info","event":"Filling up the DagBag from /opt/airflow/dags/11_incremental_load.py","logger":"airflow.models.dagbag.BundleDagBag","filename":"dagbag.py","lineno":593}
{"timestamp":"2026-03-05T04:22:55.070908Z","level":"info","event":"Filling up the DagBag from /opt/airflow/dags/11_incremental_load.py","logger":"airflow.models.dagbag.BundleDagBag","filename":"dagbag.py","lineno":593}
{"timestamp":"2026-03-05T04:23:24.230506Z","level":"info","event":"Filling up the DagBag from /opt/airflow/dags/11_incremental_load.py","logger":"airflow.models.dagbag.BundleDagBag","filename":"dagbag.py","lineno":593}
{"timestamp":"2026-03-05T04:23:24.611684Z","level":"info","event":"Filling up the DagBag from /opt/airflow/dags/11_incremental_load.py","logger":"airflow.models.dagbag.BundleDagBag","filename":"dagbag.py","lineno":593}
{"timestamp":"2026-03-05T04:23:54.909420Z","level":"info","event":"Filling up the DagBag from /opt/airflow/dags/11_incremental_load.py","logger":"airflow.models.dagbag.BundleDagBag","filename":"dagbag.py","lineno":593}
{"timestamp":"2026-03-05T04:24:25.326809Z","level":"info","event":"Filling up the DagBag from /opt/airflow/dags/11_incremental_load.py","logger":"airflow.models.dagbag.BundleDagBag","filename":"dagbag.py","lineno":593}
{"timestamp":"2026-03-05T04:24:55.673641Z","level":"info","event":"Filling up the DagBag from /opt/airflow/dags/11_incremental_load.py","logger":"airflow.models.dagbag.BundleDagBag","filename":"dagbag.py","lineno":593}
{"timestamp":"2026-03-05T04:25:25.959345Z","level":"info","event":"Filling up the DagBag from /opt/airflow/dags/11_incremental_load.py","logger":"airflow.models.dagbag.BundleDagBag","filename":"dagbag.py","lineno":593}
{"timestamp":"2026-03-05T04:25:56.209125Z","level":"info","event":"Filling up the DagBag from /opt/airflow/dags/11_incremental_load.py","logger":"airflow.models.dagbag.BundleDagBag","filename":"dagbag.py","lineno":593}
{"timestamp":"2026-03-05T04:26:26.743793Z","level":"info","event":"Filling up the DagBag from /opt/airflow/dags/11_incremental_load.py","logger":"airflow.models.dagbag.BundleDagBag","filename":"dagbag.py","lineno":593}
{"timestamp":"2026-03-05T04:26:57.817786Z","level":"info","event":"Filling up the DagBag from /opt/airflow/dags/11_incremental_load.py","logger":"airflow.models.dagbag.BundleDagBag","filename":"dagbag.py","lineno":593}
{"timestamp":"2026-03-05T04:27:28.844356Z","level":"info","event":"Filling up the DagBag from /opt/airflow/dags/11_incremental_load.py","logger":"airflow.models.dagbag.BundleDagBag","filename":"dagbag.py","lineno":593}
{"timestamp":"2026-03-05T04:27:59.875961Z","level":"info","event":"Filling up the DagBag from /opt/airflow/dags/11_incremental_load.py","logger":"airflow.models.dagbag.BundleDagBag","filename":"dagbag.py","lineno":593}
{"timestamp":"2026-03-05T04:28:30.147570Z","level":"info","event":"Filling up the DagBag from /opt/airflow/dags/11_incremental_load.py","logger":"airflow.models.dagbag.BundleDagBag","filename":"dagbag.py","lineno":593}
{"timestamp":"2026-03-05T04:29:00.486123Z","level":"info","event":"Filling up the DagBag from /opt/airflow/dags/11_incremental_load.py","logger":"airflow.models.dagbag.BundleDagBag","filename":"dagbag.py","lineno":593}
{"timestamp":"2026-03-05T04:29:30.785569Z","level":"info","event":"Filling up the DagBag from /opt/airflow/dags/11_incremental_load.py","logger":"airflow.models.dagbag.BundleDagBag","filename":"dagbag.py","lineno":593}
{"timestamp":"2026-03-05T04:29:32.790182Z","level":"info","event":"Filling up the DagBag from /opt/airflow/dags/11_incremental_load.py","logger":"airflow.models.dagbag.BundleDagBag","filename":"dagbag.py","lineno":593}
{"timestamp":"2026-03-05T04:29:33.172840Z","level":"info","event":"Filling up the DagBag from /opt/airflow/dags/11_incremental_load.py","logger":"airflow.models.dagbag.BundleDagBag","filename":"dagbag.py","lineno":593}
{"timestamp":"2026-03-05T04:29:33.401765Z","level":"info","event":"Filling up the DagBag from /opt/airflow/dags/11_incremental_load.py","logger":"airflow.models.dagbag.BundleDagBag","filename":"dagbag.py","lineno":593}
{"timestamp":"2026-03-05T04:30:03.543952Z","level":"info","event":"Filling up the DagBag from /opt/airflow/dags/11_incremental_load.py","logger":"airflow.models.dagbag.BundleDagBag","filename":"dagbag.py","lineno":593}
{"timestamp":"2026-03-05T04:30:33.713763Z","level":"info","event":"Filling up the DagBag from /opt/airflow/dags/11_incremental_load.py","logger":"airflow.models.dagbag.BundleDagBag","filename":"dagbag.py","lineno":593}
{"timestamp":"2026-03-05T04:31:04.042541Z","level":"info","event":"Filling up the DagBag from /opt/airflow/dags/11_incremental_load.py","logger":"airflow.models.dagbag.BundleDagBag","filename":"dagbag.py","lineno":593}
{"timestamp":"2026-03-05T04:31:34.472728Z","level":"info","event":"Filling up the DagBag from /opt/airflow/dags/11_incremental_load.py","logger":"airflow.models.dagbag.BundleDagBag","filename":"dagbag.py","lineno":593}
{"timestamp":"2026-03-05T04:32:04.711980Z","level":"info","event":"Filling up the DagBag from /opt/airflow/dags/11_incremental_load.py","logger":"airflow.models.dagbag.BundleDagBag","filename":"dagbag.py","lineno":593}
{"timestamp":"2026-03-05T04:32:31.753641Z","level":"info","event":"Filling up the DagBag from /opt/airflow/dags/11_incremental_load.py","logger":"airflow.models.dagbag.BundleDagBag","filename":"dagbag.py","lineno":593}
{"timestamp":"2026-03-05T04:32:52.667940Z","level":"info","event":"Filling up the DagBag from /opt/airflow/dags/11_incremental_load.py","logger":"airflow.models.dagbag.BundleDagBag","filename":"dagbag.py","lineno":593}
{"timestamp":"2026-03-05T04:32:53.848580Z","level":"info","event":"Filling up the DagBag from /opt/airflow/dags/11_incremental_load.py","logger":"airflow.models.dagbag.BundleDagBag","filename":"dagbag.py","lineno":593}
{"timestamp":"2026-03-05T04:33:24.989277Z","level":"info","event":"Filling up the DagBag from /opt/airflow/dags/11_incremental_load.py","logger":"airflow.models.dagbag.BundleDagBag","filename":"dagbag.py","lineno":593}
{"timestamp":"2026-03-05T04:33:55.453446Z","level":"info","event":"Filling up the DagBag from /opt/airflow/dags/11_incremental_load.py","logger":"airflow.models.dagbag.BundleDagBag","filename":"dagbag.py","lineno":593}
{"timestamp":"2026-03-05T04:34:25.786360Z","level":"info","event":"Filling up the DagBag from /opt/airflow/dags/11_incremental_load.py","logger":"airflow.models.dagbag.BundleDagBag","filename":"dagbag.py","lineno":593}
{"timestamp":"2026-03-05T04:34:56.251053Z","level":"info","event":"Filling up the DagBag from /opt/airflow/dags/11_incremental_load.py","logger":"airflow.models.dagbag.BundleDagBag","filename":"dagbag.py","lineno":593}
{"timestamp":"2026-03-05T04:35:26.715987Z","level":"info","event":"Filling up the DagBag from /opt/airflow/dags/11_incremental_load.py","logger":"airflow.models.dagbag.BundleDagBag","filename":"dagbag.py","lineno":593}
{"timestamp":"2026-03-05T04:35:57.043239Z","level":"info","event":"Filling up the DagBag from /opt/airflow/dags/11_incremental_load.py","logger":"airflow.models.dagbag.BundleDagBag","filename":"dagbag.py","lineno":593}
{"timestamp":"2026-03-05T04:36:27.446073Z","level":"info","event":"Filling up the DagBag from /opt/airflow/dags/11_incremental_load.py","logger":"airflow.models.dagbag.BundleDagBag","filename":"dagbag.py","lineno":593}
{"timestamp":"2026-03-05T04:36:57.719145Z","level":"info","event":"Filling up the DagBag from /opt/airflow/dags/11_incremental_load.py","logger":"airflow.models.dagbag.BundleDagBag","filename":"dagbag.py","lineno":593}
{"timestamp":"2026-03-05T04:37:28.195614Z","level":"info","event":"Filling up the DagBag from /opt/airflow/dags/11_incremental_load.py","logger":"airflow.models.dagbag.BundleDagBag","filename":"dagbag.py","lineno":593}
{"timestamp":"2026-03-05T04:37:58.485454Z","level":"info","event":"Filling up the DagBag from /opt/airflow/dags/11_incremental_load.py","logger":"airflow.models.dagbag.BundleDagBag","filename":"dagbag.py","lineno":593}
{"timestamp":"2026-03-05T04:38:28.841263Z","level":"info","event":"Filling up the DagBag from /opt/airflow/dags/11_incremental_load.py","logger":"airflow.models.dagbag.BundleDagBag","filename":"dagbag.py","lineno":593}
{"timestamp":"2026-03-05T04:38:59.036156Z","level":"info","event":"Filling up the DagBag from /opt/airflow/dags/11_incremental_load.py","logger":"airflow.models.dagbag.BundleDagBag","filename":"dagbag.py","lineno":593}
{"timestamp":"2026-03-05T04:39:29.335028Z","level":"info","event":"Filling up the DagBag from /opt/airflow/dags/11_incremental_load.py","logger":"airflow.models.dagbag.BundleDagBag","filename":"dagbag.py","lineno":593}
{"timestamp":"2026-03-05T04:39:59.633015Z","level":"info","event":"Filling up the DagBag from /opt/airflow/dags/11_incremental_load.py","logger":"airflow.models.dagbag.BundleDagBag","filename":"dagbag.py","lineno":593}
{"timestamp":"2026-03-05T04:40:29.859659Z","level":"info","event":"Filling up the DagBag from /opt/airflow/dags/11_incremental_load.py","logger":"airflow.models.dagbag.BundleDagBag","filename":"dagbag.py","lineno":593}
{"timestamp":"2026-03-05T04:41:00.346240Z","level":"info","event":"Filling up the DagBag from /opt/airflow/dags/11_incremental_load.py","logger":"airflow.models.dagbag.BundleDagBag","filename":"dagbag.py","lineno":593}
{"timestamp":"2026-03-05T04:41:30.671667Z","level":"info","event":"Filling up the DagBag from /opt/airflow/dags/11_incremental_load.py","logger":"airflow.models.dagbag.BundleDagBag","filename":"dagbag.py","lineno":593}
{"timestamp":"2026-03-05T04:42:00.974887Z","level":"info","event":"Filling up the DagBag from /opt/airflow/dags/11_incremental_load.py","logger":"airflow.models.dagbag.BundleDagBag","filename":"dagbag.py","lineno":593}
{"timestamp":"2026-03-05T04:42:31.213935Z","level":"info","event":"Filling up the DagBag from /opt/airflow/dags/11_incremental_load.py","logger":"airflow.models.dagbag.BundleDagBag","filename":"dagbag.py","lineno":593}
{"timestamp":"2026-03-05T04:43:01.478575Z","level":"info","event":"Filling up the DagBag from /opt/airflow/dags/11_incremental_load.py","logger":"airflow.models.dagbag.BundleDagBag","filename":"dagbag.py","lineno":593}
{"timestamp":"2026-03-05T04:43:31.719140Z","level":"info","event":"Filling up the DagBag from /opt/airflow/dags/11_incremental_load.py","logger":"airflow.models.dagbag.BundleDagBag","filename":"dagbag.py","lineno":593}
{"timestamp":"2026-03-05T04:44:01.983606Z","level":"info","event":"Filling up the DagBag from /opt/airflow/dags/11_incremental_load.py","logger":"airflow.models.dagbag.BundleDagBag","filename":"dagbag.py","lineno":593}
{"timestamp":"2026-03-05T04:44:32.215704Z","level":"info","event":"Filling up the DagBag from /opt/airflow/dags/11_incremental_load.py","logger":"airflow.models.dagbag.BundleDagBag","filename":"dagbag.py","lineno":593}
{"timestamp":"2026-03-05T04:45:02.361253Z","level":"info","event":"Filling up the DagBag from /opt/airflow/dags/11_incremental_load.py","logger":"airflow.models.dagbag.BundleDagBag","filename":"dagbag.py","lineno":593}
{"timestamp":"2026-03-05T04:45:32.720359Z","level":"info","event":"Filling up the DagBag from /opt/airflow/dags/11_incremental_load.py","logger":"airflow.models.dagbag.BundleDagBag","filename":"dagbag.py","lineno":593}
{"timestamp":"2026-03-05T04:46:03.011640Z","level":"info","event":"Filling up the DagBag from /opt/airflow/dags/11_incremental_load.py","logger":"airflow.models.dagbag.BundleDagBag","filename":"dagbag.py","lineno":593}
{"timestamp":"2026-03-05T04:46:33.803573Z","level":"info","event":"Filling up the DagBag from /opt/airflow/dags/11_incremental_load.py","logger":"airflow.models.dagbag.BundleDagBag","filename":"dagbag.py","lineno":593}
{"timestamp":"2026-03-05T04:47:04.279545Z","level":"info","event":"Filling up the DagBag from /opt/airflow/dags/11_incremental_load.py","logger":"airflow.models.dagbag.BundleDagBag","filename":"dagbag.py","lineno":593}
{"timestamp":"2026-03-05T04:47:34.580967Z","level":"info","event":"Filling up the DagBag from /opt/airflow/dags/11_incremental_load.py","logger":"airflow.models.dagbag.BundleDagBag","filename":"dagbag.py","lineno":593}
{"timestamp":"2026-03-05T04:48:04.755710Z","level":"info","event":"Filling up the DagBag from /opt/airflow/dags/11_incremental_load.py","logger":"airflow.models.dagbag.BundleDagBag","filename":"dagbag.py","lineno":593}
{"timestamp":"2026-03-05T04:48:35.100768Z","level":"info","event":"Filling up the DagBag from /opt/airflow/dags/11_incremental_load.py","logger":"airflow.models.dagbag.BundleDagBag","filename":"dagbag.py","lineno":593}
{"timestamp":"2026-03-05T04:49:05.317585Z","level":"info","event":"Filling up the DagBag from /opt/airflow/dags/11_incremental_load.py","logger":"airflow.models.dagbag.BundleDagBag","filename":"dagbag.py","lineno":593}
{"timestamp":"2026-03-05T04:49:35.805753Z","level":"info","event":"Filling up the DagBag from /opt/airflow/dags/11_incremental_load.py","logger":"airflow.models.dagbag.BundleDagBag","filename":"dagbag.py","lineno":593}
{"timestamp":"2026-03-05T04:50:06.206231Z","level":"info","event":"Filling up the DagBag from /opt/airflow/dags/11_incremental_load.py","logger":"airflow.models.dagbag.BundleDagBag","filename":"dagbag.py","lineno":593}
{"timestamp":"2026-03-05T04:50:36.448733Z","level":"info","event":"Filling up the DagBag from /opt/airflow/dags/11_incremental_load.py","logger":"airflow.models.dagbag.BundleDagBag","filename":"dagbag.py","lineno":593}
{"timestamp":"2026-03-05T04:51:06.717583Z","level":"info","event":"Filling up the DagBag from /opt/airflow/dags/11_incremental_load.py","logger":"airflow.models.dagbag.BundleDagBag","filename":"dagbag.py","lineno":593}
{"timestamp":"2026-03-05T04:51:37.134436Z","level":"info","event":"Filling up the DagBag from /opt/airflow/dags/11_incremental_load.py","logger":"airflow.models.dagbag.BundleDagBag","filename":"dagbag.py","lineno":593}
{"timestamp":"2026-03-05T04:52:07.444421Z","level":"info","event":"Filling up the DagBag from /opt/airflow/dags/11_incremental_load.py","logger":"airflow.models.dagbag.BundleDagBag","filename":"dagbag.py","lineno":593}
{"timestamp":"2026-03-05T04:52:38.050774Z","level":"info","event":"Filling up the DagBag from /opt/airflow/dags/11_incremental_load.py","logger":"airflow.models.dagbag.BundleDagBag","filename":"dagbag.py","lineno":593}
{"timestamp":"2026-03-05T04:56:08.619402Z","level":"info","event":"Filling up the DagBag from /opt/airflow/dags/11_incremental_load.py","logger":"airflow.models.dagbag.BundleDagBag","filename":"dagbag.py","lineno":593}
{"timestamp":"2026-03-05T04:56:38.961295Z","level":"info","event":"Filling up the DagBag from /opt/airflow/dags/11_incremental_load.py","logger":"airflow.models.dagbag.BundleDagBag","filename":"dagbag.py","lineno":593}
{"timestamp":"2026-03-05T04:57:09.183161Z","level":"info","event":"Filling up the DagBag from /opt/airflow/dags/11_incremental_load.py","logger":"airflow.models.dagbag.BundleDagBag","filename":"dagbag.py","lineno":593}
{"timestamp":"2026-03-05T04:57:39.655686Z","level":"info","event":"Filling up the DagBag from /opt/airflow/dags/11_incremental_load.py","logger":"airflow.models.dagbag.BundleDagBag","filename":"dagbag.py","lineno":593}
{"timestamp":"2026-03-05T04:58:10.032347Z","level":"info","event":"Filling up the DagBag from /opt/airflow/dags/11_incremental_load.py","logger":"airflow.models.dagbag.BundleDagBag","filename":"dagbag.py","lineno":593}
{"timestamp":"2026-03-05T04:58:40.422348Z","level":"info","event":"Filling up the DagBag from /opt/airflow/dags/11_incremental_load.py","logger":"airflow.models.dagbag.BundleDagBag","filename":"dagbag.py","lineno":593}
{"timestamp":"2026-03-05T04:59:10.996470Z","level":"info","event":"Filling up the DagBag from /opt/airflow/dags/11_incremental_load.py","logger":"airflow.models.dagbag.BundleDagBag","filename":"dagbag.py","lineno":593}
{"timestamp":"2026-03-05T04:59:41.498592Z","level":"info","event":"Filling up the DagBag from /opt/airflow/dags/11_incremental_load.py","logger":"airflow.models.dagbag.BundleDagBag","filename":"dagbag.py","lineno":593}
{"timestamp":"2026-03-05T05:00:12.106519Z","level":"info","event":"Filling up the DagBag from /opt/airflow/dags/11_incremental_load.py","logger":"airflow.models.dagbag.BundleDagBag","filename":"dagbag.py","lineno":593}
{"timestamp":"2026-03-05T05:00:42.553809Z","level":"info","event":"Filling up the DagBag from /opt/airflow/dags/11_incremental_load.py","logger":"airflow.models.dagbag.BundleDagBag","filename":"dagbag.py","lineno":593}
{"timestamp":"2026-03-05T05:01:12.980110Z","level":"info","event":"Filling up the DagBag from /opt/airflow/dags/11_incremental_load.py","logger":"airflow.models.dagbag.BundleDagBag","filename":"dagbag.py","lineno":593}
{"timestamp":"2026-03-05T05:01:43.893709Z","level":"info","event":"Filling up the DagBag from /opt/airflow/dags/11_incremental_load.py","logger":"airflow.models.dagbag.BundleDagBag","filename":"dagbag.py","lineno":593}
{"timestamp":"2026-03-05T05:02:14.294214Z","level":"info","event":"Filling up the DagBag from /opt/airflow/dags/11_incremental_load.py","logger":"airflow.models.dagbag.BundleDagBag","filename":"dagbag.py","lineno":593}
{"timestamp":"2026-03-05T05:02:44.643318Z","level":"info","event":"Filling up the DagBag from /opt/airflow/dags/11_incremental_load.py","logger":"airflow.models.dagbag.BundleDagBag","filename":"dagbag.py","lineno":593}
{"timestamp":"2026-03-05T05:03:15.321477Z","level":"info","event":"Filling up the DagBag from /opt/airflow/dags/11_incremental_load.py","logger":"airflow.models.dagbag.BundleDagBag","filename":"dagbag.py","lineno":593}
{"timestamp":"2026-03-05T05:03:45.702908Z","level":"info","event":"Filling up the DagBag from /opt/airflow/dags/11_incremental_load.py","logger":"airflow.models.dagbag.BundleDagBag","filename":"dagbag.py","lineno":593}
{"timestamp":"2026-03-05T05:04:16.197984Z","level":"info","event":"Filling up the DagBag from /opt/airflow/dags/11_incremental_load.py","logger":"airflow.models.dagbag.BundleDagBag","filename":"dagbag.py","lineno":593}
{"timestamp":"2026-03-05T05:04:47.463487Z","level":"info","event":"Filling up the DagBag from /opt/airflow/dags/11_incremental_load.py","logger":"airflow.models.dagbag.BundleDagBag","filename":"dagbag.py","lineno":593}
{"timestamp":"2026-03-05T05:05:17.949500Z","level":"info","event":"Filling up the DagBag from /opt/airflow/dags/11_incremental_load.py","logger":"airflow.models.dagbag.BundleDagBag","filename":"dagbag.py","lineno":593}
{"timestamp":"2026-03-05T05:05:48.338349Z","level":"info","event":"Filling up the DagBag from /opt/airflow/dags/11_incremental_load.py","logger":"airflow.models.dagbag.BundleDagBag","filename":"dagbag.py","lineno":593}
{"timestamp":"2026-03-05T05:06:18.815891Z","level":"info","event":"Filling up the DagBag from /opt/airflow/dags/11_incremental_load.py","logger":"airflow.models.dagbag.BundleDagBag","filename":"dagbag.py","lineno":593}
{"timestamp":"2026-03-05T05:06:49.312197Z","level":"info","event":"Filling up the DagBag from /opt/airflow/dags/11_incremental_load.py","logger":"airflow.models.dagbag.BundleDagBag","filename":"dagbag.py","lineno":593}
{"timestamp":"2026-03-05T05:07:19.700208Z","level":"info","event":"Filling up the DagBag from /opt/airflow/dags/11_incremental_load.py","logger":"airflow.models.dagbag.BundleDagBag","filename":"dagbag.py","lineno":593}
{"timestamp":"2026-03-05T05:07:50.089870Z","level":"info","event":"Filling up the DagBag from /opt/airflow/dags/11_incremental_load.py","logger":"airflow.models.dagbag.BundleDagBag","filename":"dagbag.py","lineno":593}
{"timestamp":"2026-03-05T05:08:20.494662Z","level":"info","event":"Filling up the DagBag from /opt/airflow/dags/11_incremental_load.py","logger":"airflow.models.dagbag.BundleDagBag","filename":"dagbag.py","lineno":593}
{"timestamp":"2026-03-05T05:08:50.916102Z","level":"info","event":"Filling up the DagBag from /opt/airflow/dags/11_incremental_load.py","logger":"airflow.models.dagbag.BundleDagBag","filename":"dagbag.py","lineno":593}
{"timestamp":"2026-03-05T05:09:21.528310Z","level":"info","event":"Filling up the DagBag from /opt/airflow/dags/11_incremental_load.py","logger":"airflow.models.dagbag.BundleDagBag","filename":"dagbag.py","lineno":593}
{"timestamp":"2026-03-05T05:09:52.103252Z","level":"info","event":"Filling up the DagBag from /opt/airflow/dags/11_incremental_load.py","logger":"airflow.models.dagbag.BundleDagBag","filename":"dagbag.py","lineno":593}
{"timestamp":"2026-03-05T05:10:22.571369Z","level":"info","event":"Filling up the DagBag from /opt/airflow/dags/11_incremental_load.py","logger":"airflow.models.dagbag.BundleDagBag","filename":"dagbag.py","lineno":593}
{"timestamp":"2026-03-05T05:10:53.401648Z","level":"info","event":"Filling up the DagBag from /opt/airflow/dags/11_incremental_load.py","logger":"airflow.models.dagbag.BundleDagBag","filename":"dagbag.py","lineno":593}
{"timestamp":"2026-03-05T05:11:23.868220Z","level":"info","event":"Filling up the DagBag from /opt/airflow/dags/11_incremental_load.py","logger":"airflow.models.dagbag.BundleDagBag","filename":"dagbag.py","lineno":593}
{"timestamp":"2026-03-05T05:11:54.290402Z","level":"info","event":"Filling up the DagBag from /opt/airflow/dags/11_incremental_load.py","logger":"airflow.models.dagbag.BundleDagBag","filename":"dagbag.py","lineno":593}
{"timestamp":"2026-03-05T05:12:24.657723Z","level":"info","event":"Filling up the DagBag from /opt/airflow/dags/11_incremental_load.py","logger":"airflow.models.dagbag.BundleDagBag","filename":"dagbag.py","lineno":593}
{"timestamp":"2026-03-05T05:12:55.152666Z","level":"info","event":"Filling up the DagBag from /opt/airflow/dags/11_incremental_load.py","logger":"airflow.models.dagbag.BundleDagBag","filename":"dagbag.py","lineno":593}
{"timestamp":"2026-03-05T05:13:25.596020Z","level":"info","event":"Filling up the DagBag from /opt/airflow/dags/11_incremental_load.py","logger":"airflow.models.dagbag.BundleDagBag","filename":"dagbag.py","lineno":593}
{"timestamp":"2026-03-05T05:13:55.922572Z","level":"info","event":"Filling up the DagBag from /opt/airflow/dags/11_incremental_load.py","logger":"airflow.models.dagbag.BundleDagBag","filename":"dagbag.py","lineno":593}
{"timestamp":"2026-03-05T05:14:26.360328Z","level":"info","event":"Filling up the DagBag from /opt/airflow/dags/11_incremental_load.py","logger":"airflow.models.dagbag.BundleDagBag","filename":"dagbag.py","lineno":593}
{"timestamp":"2026-03-05T05:14:56.749022Z","level":"info","event":"Filling up the DagBag from /opt/airflow/dags/11_incremental_load.py","logger":"airflow.models.dagbag.BundleDagBag","filename":"dagbag.py","lineno":593}
{"timestamp":"2026-03-05T05:15:27.182266Z","level":"info","event":"Filling up the DagBag from /opt/airflow/dags/11_incremental_load.py","logger":"airflow.models.dagbag.BundleDagBag","filename":"dagbag.py","lineno":593}
{"timestamp":"2026-03-05T05:15:57.871063Z","level":"info","event":"Filling up the DagBag from /opt/airflow/dags/11_incremental_load.py","logger":"airflow.models.dagbag.BundleDagBag","filename":"dagbag.py","lineno":593}
{"timestamp":"2026-03-05T05:16:28.263147Z","level":"info","event":"Filling up the DagBag from /opt/airflow/dags/11_incremental_load.py","logger":"airflow.models.dagbag.BundleDagBag","filename":"dagbag.py","lineno":593}
{"timestamp":"2026-03-05T05:16:58.709724Z","level":"info","event":"Filling up the DagBag from /opt/airflow/dags/11_incremental_load.py","logger":"airflow.models.dagbag.BundleDagBag","filename":"dagbag.py","lineno":593}
{"timestamp":"2026-03-05T05:50:40.129840Z","level":"info","event":"Filling up the DagBag from /opt/airflow/dags/11_incremental_load.py","logger":"airflow.models.dagbag.BundleDagBag","filename":"dagbag.py","lineno":593}
{"timestamp":"2026-03-05T05:51:10.604675Z","level":"info","event":"Filling up the DagBag from /opt/airflow/dags/11_incremental_load.py","logger":"airflow.models.dagbag.BundleDagBag","filename":"dagbag.py","lineno":593}
{"timestamp":"2026-03-05T05:51:41.262837Z","level":"info","event":"Filling up the DagBag from /opt/airflow/dags/11_incremental_load.py","logger":"airflow.models.dagbag.BundleDagBag","filename":"dagbag.py","lineno":593}
{"timestamp":"2026-03-05T05:52:11.789923Z","level":"info","event":"Filling up the DagBag from /opt/airflow/dags/11_incremental_load.py","logger":"airflow.models.dagbag.BundleDagBag","filename":"dagbag.py","lineno":593}
{"timestamp":"2026-03-05T05:52:42.349223Z","level":"info","event":"Filling up the DagBag from /opt/airflow/dags/11_incremental_load.py","logger":"airflow.models.dagbag.BundleDagBag","filename":"dagbag.py","lineno":593}
{"timestamp":"2026-03-05T05:53:12.856217Z","level":"info","event":"Filling up the DagBag from /opt/airflow/dags/11_incremental_load.py","logger":"airflow.models.dagbag.BundleDagBag","filename":"dagbag.py","lineno":593}
{"timestamp":"2026-03-05T05:53:43.363168Z","level":"info","event":"Filling up the DagBag from /opt/airflow/dags/11_incremental_load.py","logger":"airflow.models.dagbag.BundleDagBag","filename":"dagbag.py","lineno":593}
{"timestamp":"2026-03-05T05:54:13.875028Z","level":"info","event":"Filling up the DagBag from /opt/airflow/dags/11_incremental_load.py","logger":"airflow.models.dagbag.BundleDagBag","filename":"dagbag.py","lineno":593}
{"timestamp":"2026-03-05T05:54:44.589933Z","level":"info","event":"Filling up the DagBag from /opt/airflow/dags/11_incremental_load.py","logger":"airflow.models.dagbag.BundleDagBag","filename":"dagbag.py","lineno":593}
{"timestamp":"2026-03-05T05:55:15.326897Z","level":"info","event":"Filling up the DagBag from /opt/airflow/dags/11_incremental_load.py","logger":"airflow.models.dagbag.BundleDagBag","filename":"dagbag.py","lineno":593}
{"timestamp":"2026-03-05T05:55:45.961582Z","level":"info","event":"Filling up the DagBag from /opt/airflow/dags/11_incremental_load.py","logger":"airflow.models.dagbag.BundleDagBag","filename":"dagbag.py","lineno":593}
{"timestamp":"2026-03-05T05:56:16.453495Z","level":"info","event":"Filling up the DagBag from /opt/airflow/dags/11_incremental_load.py","logger":"airflow.models.dagbag.BundleDagBag","filename":"dagbag.py","lineno":593}
{"timestamp":"2026-03-05T05:56:46.895216Z","level":"info","event":"Filling up the DagBag from /opt/airflow/dags/11_incremental_load.py","logger":"airflow.models.dagbag.BundleDagBag","filename":"dagbag.py","lineno":593}
{"timestamp":"2026-03-05T05:57:17.624026Z","level":"info","event":"Filling up the DagBag from /opt/airflow/dags/11_incremental_load.py","logger":"airflow.models.dagbag.BundleDagBag","filename":"dagbag.py","lineno":593}
{"timestamp":"2026-03-05T05:57:48.215139Z","level":"info","event":"Filling up the DagBag from /opt/airflow/dags/11_incremental_load.py","logger":"airflow.models.dagbag.BundleDagBag","filename":"dagbag.py","lineno":593}
{"timestamp":"2026-03-05T05:58:18.873034Z","level":"info","event":"Filling up the DagBag from /opt/airflow/dags/11_incremental_load.py","logger":"airflow.models.dagbag.BundleDagBag","filename":"dagbag.py","lineno":593}
{"timestamp":"2026-03-05T05:58:49.381378Z","level":"info","event":"Filling up the DagBag from /opt/airflow/dags/11_incremental_load.py","logger":"airflow.models.dagbag.BundleDagBag","filename":"dagbag.py","lineno":593}
{"timestamp":"2026-03-05T05:59:19.894009Z","level":"info","event":"Filling up the DagBag from /opt/airflow/dags/11_incremental_load.py","logger":"airflow.models.dagbag.BundleDagBag","filename":"dagbag.py","lineno":593}
{"timestamp":"2026-03-05T05:59:50.465953Z","level":"info","event":"Filling up the DagBag from /opt/airflow/dags/11_incremental_load.py","logger":"airflow.models.dagbag.BundleDagBag","filename":"dagbag.py","lineno":593}
{"timestamp":"2026-03-05T06:00:20.972843Z","level":"info","event":"Filling up the DagBag from /opt/airflow/dags/11_incremental_load.py","logger":"airflow.models.dagbag.BundleDagBag","filename":"dagbag.py","lineno":593}
{"timestamp":"2026-03-05T06:00:51.669225Z","level":"info","event":"Filling up the DagBag from /opt/airflow/dags/11_incremental_load.py","logger":"airflow.models.dagbag.BundleDagBag","filename":"dagbag.py","lineno":593}
{"timestamp":"2026-03-05T06:01:22.400282Z","level":"info","event":"Filling up the DagBag from /opt/airflow/dags/11_incremental_load.py","logger":"airflow.models.dagbag.BundleDagBag","filename":"dagbag.py","lineno":593}
{"timestamp":"2026-03-05T06:01:53.089613Z","level":"info","event":"Filling up the DagBag from /opt/airflow/dags/11_incremental_load.py","logger":"airflow.models.dagbag.BundleDagBag","filename":"dagbag.py","lineno":593}
{"timestamp":"2026-03-05T06:02:23.759293Z","level":"info","event":"Filling up the DagBag from /opt/airflow/dags/11_incremental_load.py","logger":"airflow.models.dagbag.BundleDagBag","filename":"dagbag.py","lineno":593}
{"timestamp":"2026-03-05T06:02:54.488140Z","level":"info","event":"Filling up the DagBag from /opt/airflow/dags/11_incremental_load.py","logger":"airflow.models.dagbag.BundleDagBag","filename":"dagbag.py","lineno":593}
{"timestamp":"2026-03-05T06:03:24.846137Z","level":"info","event":"Filling up the DagBag from /opt/airflow/dags/11_incremental_load.py","logger":"airflow.models.dagbag.BundleDagBag","filename":"dagbag.py","lineno":593}
{"timestamp":"2026-03-05T06:03:55.054958Z","level":"info","event":"Filling up the DagBag from /opt/airflow/dags/11_incremental_load.py","logger":"airflow.models.dagbag.BundleDagBag","filename":"dagbag.py","lineno":593}
{"timestamp":"2026-03-05T06:04:25.738608Z","level":"info","event":"Filling up the DagBag from /opt/airflow/dags/11_incremental_load.py","logger":"airflow.models.dagbag.BundleDagBag","filename":"dagbag.py","lineno":593}
{"timestamp":"2026-03-05T06:04:56.440915Z","level":"info","event":"Filling up the DagBag from /opt/airflow/dags/11_incremental_load.py","logger":"airflow.models.dagbag.BundleDagBag","filename":"dagbag.py","lineno":593}
{"timestamp":"2026-03-05T06:05:26.995539Z","level":"info","event":"Filling up the DagBag from /opt/airflow/dags/11_incremental_load.py","logger":"airflow.models.dagbag.BundleDagBag","filename":"dagbag.py","lineno":593}
{"timestamp":"2026-03-05T06:05:57.805751Z","level":"info","event":"Filling up the DagBag from /opt/airflow/dags/11_incremental_load.py","logger":"airflow.models.dagbag.BundleDagBag","filename":"dagbag.py","lineno":593}
{"timestamp":"2026-03-05T06:06:28.234473Z","level":"info","event":"Filling up the DagBag from /opt/airflow/dags/11_incremental_load.py","logger":"airflow.models.dagbag.BundleDagBag","filename":"dagbag.py","lineno":593}
{"timestamp":"2026-03-05T06:06:58.818671Z","level":"info","event":"Filling up the DagBag from /opt/airflow/dags/11_incremental_load.py","logger":"airflow.models.dagbag.BundleDagBag","filename":"dagbag.py","lineno":593}
{"timestamp":"2026-03-05T06:07:29.273054Z","level":"info","event":"Filling up the DagBag from /opt/airflow/dags/11_incremental_load.py","logger":"airflow.models.dagbag.BundleDagBag","filename":"dagbag.py","lineno":593}
{"timestamp":"2026-03-05T06:07:59.833131Z","level":"info","event":"Filling up the DagBag from /opt/airflow/dags/11_incremental_load.py","logger":"airflow.models.dagbag.BundleDagBag","filename":"dagbag.py","lineno":593}
{"timestamp":"2026-03-05T06:08:30.320491Z","level":"info","event":"Filling up the DagBag from /opt/airflow/dags/11_incremental_load.py","logger":"airflow.models.dagbag.BundleDagBag","filename":"dagbag.py","lineno":593}
{"timestamp":"2026-03-05T06:09:01.167417Z","level":"info","event":"Filling up the DagBag from /opt/airflow/dags/11_incremental_load.py","logger":"airflow.models.dagbag.BundleDagBag","filename":"dagbag.py","lineno":593}
{"timestamp":"2026-03-05T06:09:31.701761Z","level":"info","event":"Filling up the DagBag from /opt/airflow/dags/11_incremental_load.py","logger":"airflow.models.dagbag.BundleDagBag","filename":"dagbag.py","lineno":593}
{"timestamp":"2026-03-05T06:10:02.406437Z","level":"info","event":"Filling up the DagBag from /opt/airflow/dags/11_incremental_load.py","logger":"airflow.models.dagbag.BundleDagBag","filename":"dagbag.py","lineno":593}
{"timestamp":"2026-03-05T06:10:32.924595Z","level":"info","event":"Filling up the DagBag from /opt/airflow/dags/11_incremental_load.py","logger":"airflow.models.dagbag.BundleDagBag","filename":"dagbag.py","lineno":593}
{"timestamp":"2026-03-05T06:11:03.256985Z","level":"info","event":"Filling up the DagBag from /opt/airflow/dags/11_incremental_load.py","logger":"airflow.models.dagbag.BundleDagBag","filename":"dagbag.py","lineno":593}
{"timestamp":"2026-03-05T06:11:33.552717Z","level":"info","event":"Filling up the DagBag from /opt/airflow/dags/11_incremental_load.py","logger":"airflow.models.dagbag.BundleDagBag","filename":"dagbag.py","lineno":593}
{"timestamp":"2026-03-05T06:12:04.134595Z","level":"info","event":"Filling up the DagBag from /opt/airflow/dags/11_incremental_load.py","logger":"airflow.models.dagbag.BundleDagBag","filename":"dagbag.py","lineno":593}
{"timestamp":"2026-03-05T06:12:34.801484Z","level":"info","event":"Filling up the DagBag from /opt/airflow/dags/11_incremental_load.py","logger":"airflow.models.dagbag.BundleDagBag","filename":"dagbag.py","lineno":593}
{"timestamp":"2026-03-05T06:13:05.247030Z","level":"info","event":"Filling up the DagBag from /opt/airflow/dags/11_incremental_load.py","logger":"airflow.models.dagbag.BundleDagBag","filename":"dagbag.py","lineno":593}
{"timestamp":"2026-03-05T06:13:35.662141Z","level":"info","event":"Filling up the DagBag from /opt/airflow/dags/11_incremental_load.py","logger":"airflow.models.dagbag.BundleDagBag","filename":"dagbag.py","lineno":593}
{"timestamp":"2026-03-05T06:14:06.473012Z","level":"info","event":"Filling up the DagBag from /opt/airflow/dags/11_incremental_load.py","logger":"airflow.models.dagbag.BundleDagBag","filename":"dagbag.py","lineno":593}
{"timestamp":"2026-03-05T06:14:36.946613Z","level":"info","event":"Filling up the DagBag from /opt/airflow/dags/11_incremental_load.py","logger":"airflow.models.dagbag.BundleDagBag","filename":"dagbag.py","lineno":593}
{"timestamp":"2026-03-05T06:15:07.412108Z","level":"info","event":"Filling up the DagBag from /opt/airflow/dags/11_incremental_load.py","logger":"airflow.models.dagbag.BundleDagBag","filename":"dagbag.py","lineno":593}
{"timestamp":"2026-03-05T06:15:37.848583Z","level":"info","event":"Filling up the DagBag from /opt/airflow/dags/11_incremental_load.py","logger":"airflow.models.dagbag.BundleDagBag","filename":"dagbag.py","lineno":593}
{"timestamp":"2026-03-05T06:16:08.209858Z","level":"info","event":"Filling up the DagBag from /opt/airflow/dags/11_incremental_load.py","logger":"airflow.models.dagbag.BundleDagBag","filename":"dagbag.py","lineno":593}
{"timestamp":"2026-03-05T06:16:38.592582Z","level":"info","event":"Filling up the DagBag from /opt/airflow/dags/11_incremental_load.py","logger":"airflow.models.dagbag.BundleDagBag","filename":"dagbag.py","lineno":593}
{"timestamp":"2026-03-05T06:17:09.152716Z","level":"info","event":"Filling up the DagBag from /opt/airflow/dags/11_incremental_load.py","logger":"airflow.models.dagbag.BundleDagBag","filename":"dagbag.py","lineno":593}
{"timestamp":"2026-03-05T06:17:39.975928Z","level":"info","event":"Filling up the DagBag from /opt/airflow/dags/11_incremental_load.py","logger":"airflow.models.dagbag.BundleDagBag","filename":"dagbag.py","lineno":593}
{"timestamp":"2026-03-05T06:18:10.287085Z","level":"info","event":"Filling up the DagBag from /opt/airflow/dags/11_incremental_load.py","logger":"airflow.models.dagbag.BundleDagBag","filename":"dagbag.py","lineno":593}
{"timestamp":"2026-03-05T06:18:40.726045Z","level":"info","event":"Filling up the DagBag from /opt/airflow/dags/11_incremental_load.py","logger":"airflow.models.dagbag.BundleDagBag","filename":"dagbag.py","lineno":593}
{"timestamp":"2026-03-05T06:19:11.111883Z","level":"info","event":"Filling up the DagBag from /opt/airflow/dags/11_incremental_load.py","logger":"airflow.models.dagbag.BundleDagBag","filename":"dagbag.py","lineno":593}
{"timestamp":"2026-03-05T06:19:42.147494Z","level":"info","event":"Filling up the DagBag from /opt/airflow/dags/11_incremental_load.py","logger":"airflow.models.dagbag.BundleDagBag","filename":"dagbag.py","lineno":593}
{"timestamp":"2026-03-05T06:20:12.844590Z","level":"info","event":"Filling up the DagBag from /opt/airflow/dags/11_incremental_load.py","logger":"airflow.models.dagbag.BundleDagBag","filename":"dagbag.py","lineno":593}
{"timestamp":"2026-03-05T06:20:43.083411Z","level":"info","event":"Filling up the DagBag from /opt/airflow/dags/11_incremental_load.py","logger":"airflow.models.dagbag.BundleDagBag","filename":"dagbag.py","lineno":593}
